CMakeFiles/so3_control_nodelet_test.dir/test/so3_control_nodelet_test.cpp.o: In function `testing::internal::scoped_ptr<std::__cxx11::basic_stringstream<char, std::char_traits<char>, std::allocator<char> > >::reset(std::__cxx11::basic_stringstream<char, std::char_traits<char>, std::allocator<char> >*) [clone .part.53] [clone .constprop.308]':
/usr/include/gtest/internal/gtest-port.h:1134: undefined reference to `testing::internal::IsTrue(bool)'
CMakeFiles/so3_control_nodelet_test.dir/test/so3_control_nodelet_test.cpp.o: In function `testing::internal::scoped_ptr<std::__cxx11::basic_string<char, std::char_traits<char>, std::allocator<char> > >::reset(std::__cxx11::basic_string<char, std::char_traits<char>, std::allocator<char> >*) [clone .part.110] [clone .constprop.309]':
/usr/include/gtest/internal/gtest-port.h:1134: undefined reference to `testing::internal::IsTrue(bool)'
CMakeFiles/so3_control_nodelet_test.dir/test/so3_control_nodelet_test.cpp.o: In function `SO3ControlNodeletTest_Test1_Test::TestBody()':
/home/root/kumarRobotics/autonomy_ws/src/kr_mav_control/kr_mav_controllers/test/so3_control_nodelet_test.cpp:24: undefined reference to `testing::internal::GetBoolAssertionFailureMessage[abi:cxx11](testing::AssertionResult const&, char const*, char const*, char const*)'
/home/root/kumarRobotics/autonomy_ws/src/kr_mav_control/kr_mav_controllers/test/so3_control_nodelet_test.cpp:24: undefined reference to `testing::internal::AssertHelper::AssertHelper(testing::TestPartResult::Type, char const*, int, char const*)'
/home/root/kumarRobotics/autonomy_ws/src/kr_mav_control/kr_mav_controllers/test/so3_control_nodelet_test.cpp:24: undefined reference to `testing::Message::Message()'
/home/root/kumarRobotics/autonomy_ws/src/kr_mav_control/kr_mav_controllers/test/so3_control_nodelet_test.cpp:24: undefined reference to `testing::internal::AssertHelper::operator=(testing::Message const&) const'
/home/root/kumarRobotics/autonomy_ws/src/kr_mav_control/kr_mav_controllers/test/so3_control_nodelet_test.cpp:24: undefined reference to `testing::internal::AssertHelper::~AssertHelper()'
/home/root/kumarRobotics/autonomy_ws/src/kr_mav_control/kr_mav_controllers/test/so3_control_nodelet_test.cpp:22: undefined reference to `testing::internal::GetBoolAssertionFailureMessage[abi:cxx11](testing::AssertionResult const&, char const*, char const*, char const*)'
/home/root/kumarRobotics/autonomy_ws/src/kr_mav_control/kr_mav_controllers/test/so3_control_nodelet_test.cpp:22: undefined reference to `testing::internal::AssertHelper::AssertHelper(testing::TestPartResult::Type, char const*, int, char const*)'
/home/root/kumarRobotics/autonomy_ws/src/kr_mav_control/kr_mav_controllers/test/so3_control_nodelet_test.cpp:22: undefined reference to `testing::Message::Message()'
/home/root/kumarRobotics/autonomy_ws/src/kr_mav_control/kr_mav_controllers/test/so3_control_nodelet_test.cpp:22: undefined reference to `testing::internal::AssertHelper::operator=(testing::Message const&) const'
/home/root/kumarRobotics/autonomy_ws/src/kr_mav_control/kr_mav_controllers/test/so3_control_nodelet_test.cpp:22: undefined reference to `testing::internal::AssertHelper::~AssertHelper()'
/home/root/kumarRobotics/autonomy_ws/src/kr_mav_control/kr_mav_controllers/test/so3_control_nodelet_test.cpp:24: undefined reference to `testing::internal::AssertHelper::~AssertHelper()'
/home/root/kumarRobotics/autonomy_ws/src/kr_mav_control/kr_mav_controllers/test/so3_control_nodelet_test.cpp:22: undefined reference to `testing::internal::AssertHelper::~AssertHelper()'
CMakeFiles/so3_control_nodelet_test.dir/test/so3_control_nodelet_test.cpp.o: In function `SO3ControlNodeletTest_Test2_Test::TestBody()':
/home/root/kumarRobotics/autonomy_ws/src/kr_mav_control/kr_mav_controllers/test/so3_control_nodelet_test.cpp:38: undefined reference to `testing::internal::GetBoolAssertionFailureMessage[abi:cxx11](testing::AssertionResult const&, char const*, char const*, char const*)'
/home/root/kumarRobotics/autonomy_ws/src/kr_mav_control/kr_mav_controllers/test/so3_control_nodelet_test.cpp:38: undefined reference to `testing::internal::AssertHelper::AssertHelper(testing::TestPartResult::Type, char const*, int, char const*)'
/home/root/kumarRobotics/autonomy_ws/src/kr_mav_control/kr_mav_controllers/test/so3_control_nodelet_test.cpp:38: undefined reference to `testing::Message::Message()'
/home/root/kumarRobotics/autonomy_ws/src/kr_mav_control/kr_mav_controllers/test/so3_control_nodelet_test.cpp:38: undefined reference to `testing::internal::AssertHelper::operator=(testing::Message const&) const'
/home/root/kumarRobotics/autonomy_ws/src/kr_mav_control/kr_mav_controllers/test/so3_control_nodelet_test.cpp:38: undefined reference to `testing::internal::AssertHelper::~AssertHelper()'
/home/root/kumarRobotics/autonomy_ws/src/kr_mav_control/kr_mav_controllers/test/so3_control_nodelet_test.cpp:38: undefined reference to `testing::internal::AssertHelper::~AssertHelper()'
CMakeFiles/so3_control_nodelet_test.dir/test/so3_control_nodelet_test.cpp.o: In function `SO3ControlNodeletTest_Test3_Test::TestBody()':
/home/root/kumarRobotics/autonomy_ws/src/kr_mav_control/kr_mav_controllers/test/so3_control_nodelet_test.cpp:55: undefined reference to `testing::internal::GetBoolAssertionFailureMessage[abi:cxx11](testing::AssertionResult const&, char const*, char const*, char const*)'
/home/root/kumarRobotics/autonomy_ws/src/kr_mav_control/kr_mav_controllers/test/so3_control_nodelet_test.cpp:55: undefined reference to `testing::internal::AssertHelper::AssertHelper(testing::TestPartResult::Type, char const*, int, char const*)'
/home/root/kumarRobotics/autonomy_ws/src/kr_mav_control/kr_mav_controllers/test/so3_control_nodelet_test.cpp:55: undefined reference to `testing::Message::Message()'
/home/root/kumarRobotics/autonomy_ws/src/kr_mav_control/kr_mav_controllers/test/so3_control_nodelet_test.cpp:55: undefined reference to `testing::internal::AssertHelper::operator=(testing::Message const&) const'
/home/root/kumarRobotics/autonomy_ws/src/kr_mav_control/kr_mav_controllers/test/so3_control_nodelet_test.cpp:55: undefined reference to `testing::internal::AssertHelper::~AssertHelper()'
/home/root/kumarRobotics/autonomy_ws/src/kr_mav_control/kr_mav_controllers/test/so3_control_nodelet_test.cpp:55: undefined reference to `testing::internal::AssertHelper::~AssertHelper()'
CMakeFiles/so3_control_nodelet_test.dir/test/so3_control_nodelet_test.cpp.o: In function `SO3ControlNodeletTest_Test5_Test::TestBody()':
/home/root/kumarRobotics/autonomy_ws/src/kr_mav_control/kr_mav_controllers/test/so3_control_nodelet_test.cpp:114: undefined reference to `testing::internal::DoubleNearPredFormat(char const*, char const*, char const*, double, double, double)'
/home/root/kumarRobotics/autonomy_ws/src/kr_mav_control/kr_mav_controllers/test/so3_control_nodelet_test.cpp:114: undefined reference to `testing::internal::AssertHelper::AssertHelper(testing::TestPartResult::Type, char const*, int, char const*)'
/home/root/kumarRobotics/autonomy_ws/src/kr_mav_control/kr_mav_controllers/test/so3_control_nodelet_test.cpp:114: undefined reference to `testing::Message::Message()'
/home/root/kumarRobotics/autonomy_ws/src/kr_mav_control/kr_mav_controllers/test/so3_control_nodelet_test.cpp:114: undefined reference to `testing::internal::AssertHelper::operator=(testing::Message const&) const'
/home/root/kumarRobotics/autonomy_ws/src/kr_mav_control/kr_mav_controllers/test/so3_control_nodelet_test.cpp:114: undefined reference to `testing::internal::AssertHelper::~AssertHelper()'
/home/root/kumarRobotics/autonomy_ws/src/kr_mav_control/kr_mav_controllers/test/so3_control_nodelet_test.cpp:115: undefined reference to `testing::internal::DoubleNearPredFormat(char const*, char const*, char const*, double, double, double)'
/home/root/kumarRobotics/autonomy_ws/src/kr_mav_control/kr_mav_controllers/test/so3_control_nodelet_test.cpp:115: undefined reference to `testing::internal::AssertHelper::AssertHelper(testing::TestPartResult::Type, char const*, int, char const*)'
/home/root/kumarRobotics/autonomy_ws/src/kr_mav_control/kr_mav_controllers/test/so3_control_nodelet_test.cpp:115: undefined reference to `testing::Message::Message()'
/home/root/kumarRobotics/autonomy_ws/src/kr_mav_control/kr_mav_controllers/test/so3_control_nodelet_test.cpp:115: undefined reference to `testing::internal::AssertHelper::operator=(testing::Message const&) const'
/home/root/kumarRobotics/autonomy_ws/src/kr_mav_control/kr_mav_controllers/test/so3_control_nodelet_test.cpp:115: undefined reference to `testing::internal::AssertHelper::~AssertHelper()'
/home/root/kumarRobotics/autonomy_ws/src/kr_mav_control/kr_mav_controllers/test/so3_control_nodelet_test.cpp:116: undefined reference to `testing::internal::DoubleNearPredFormat(char const*, char const*, char const*, double, double, double)'
/home/root/kumarRobotics/autonomy_ws/src/kr_mav_control/kr_mav_controllers/test/so3_control_nodelet_test.cpp:116: undefined reference to `testing::internal::AssertHelper::AssertHelper(testing::TestPartResult::Type, char const*, int, char const*)'
/home/root/kumarRobotics/autonomy_ws/src/kr_mav_control/kr_mav_controllers/test/so3_control_nodelet_test.cpp:116: undefined reference to `testing::Message::Message()'
/home/root/kumarRobotics/autonomy_ws/src/kr_mav_control/kr_mav_controllers/test/so3_control_nodelet_test.cpp:116: undefined reference to `testing::internal::AssertHelper::operator=(testing::Message const&) const'
/home/root/kumarRobotics/autonomy_ws/src/kr_mav_control/kr_mav_controllers/test/so3_control_nodelet_test.cpp:116: undefined reference to `testing::internal::AssertHelper::~AssertHelper()'
/home/root/kumarRobotics/autonomy_ws/src/kr_mav_control/kr_mav_controllers/test/so3_control_nodelet_test.cpp:117: undefined reference to `testing::internal::DoubleNearPredFormat(char const*, char const*, char const*, double, double, double)'
/home/root/kumarRobotics/autonomy_ws/src/kr_mav_control/kr_mav_controllers/test/so3_control_nodelet_test.cpp:117: undefined reference to `testing::internal::AssertHelper::AssertHelper(testing::TestPartResult::Type, char const*, int, char const*)'
/home/root/kumarRobotics/autonomy_ws/src/kr_mav_control/kr_mav_controllers/test/so3_control_nodelet_test.cpp:117: undefined reference to `testing::Message::Message()'
/home/root/kumarRobotics/autonomy_ws/src/kr_mav_control/kr_mav_controllers/test/so3_control_nodelet_test.cpp:117: undefined reference to `testing::internal::AssertHelper::operator=(testing::Message const&) const'
/home/root/kumarRobotics/autonomy_ws/src/kr_mav_control/kr_mav_controllers/test/so3_control_nodelet_test.cpp:117: undefined reference to `testing::internal::AssertHelper::~AssertHelper()'
/home/root/kumarRobotics/autonomy_ws/src/kr_mav_control/kr_mav_controllers/test/so3_control_nodelet_test.cpp:118: undefined reference to `testing::internal::DoubleNearPredFormat(char const*, char const*, char const*, double, double, double)'
/home/root/kumarRobotics/autonomy_ws/src/kr_mav_control/kr_mav_controllers/test/so3_control_nodelet_test.cpp:118: undefined reference to `testing::internal::AssertHelper::AssertHelper(testing::TestPartResult::Type, char const*, int, char const*)'
/home/root/kumarRobotics/autonomy_ws/src/kr_mav_control/kr_mav_controllers/test/so3_control_nodelet_test.cpp:118: undefined reference to `testing::Message::Message()'
/home/root/kumarRobotics/autonomy_ws/src/kr_mav_control/kr_mav_controllers/test/so3_control_nodelet_test.cpp:118: undefined reference to `testing::internal::AssertHelper::operator=(testing::Message const&) const'
/home/root/kumarRobotics/autonomy_ws/src/kr_mav_control/kr_mav_controllers/test/so3_control_nodelet_test.cpp:118: undefined reference to `testing::internal::AssertHelper::~AssertHelper()'
/home/root/kumarRobotics/autonomy_ws/src/kr_mav_control/kr_mav_controllers/test/so3_control_nodelet_test.cpp:119: undefined reference to `testing::internal::DoubleNearPredFormat(char const*, char const*, char const*, double, double, double)'
/home/root/kumarRobotics/autonomy_ws/src/kr_mav_control/kr_mav_controllers/test/so3_control_nodelet_test.cpp:119: undefined reference to `testing::internal::AssertHelper::AssertHelper(testing::TestPartResult::Type, char const*, int, char const*)'
/home/root/kumarRobotics/autonomy_ws/src/kr_mav_control/kr_mav_controllers/test/so3_control_nodelet_test.cpp:119: undefined reference to `testing::Message::Message()'
/home/root/kumarRobotics/autonomy_ws/src/kr_mav_control/kr_mav_controllers/test/so3_control_nodelet_test.cpp:119: undefined reference to `testing::internal::AssertHelper::operator=(testing::Message const&) const'
/home/root/kumarRobotics/autonomy_ws/src/kr_mav_control/kr_mav_controllers/test/so3_control_nodelet_test.cpp:119: undefined reference to `testing::internal::AssertHelper::~AssertHelper()'
/home/root/kumarRobotics/autonomy_ws/src/kr_mav_control/kr_mav_controllers/test/so3_control_nodelet_test.cpp:120: undefined reference to `testing::internal::DoubleNearPredFormat(char const*, char const*, char const*, double, double, double)'
/home/root/kumarRobotics/autonomy_ws/src/kr_mav_control/kr_mav_controllers/test/so3_control_nodelet_test.cpp:120: undefined reference to `testing::internal::AssertHelper::AssertHelper(testing::TestPartResult::Type, char const*, int, char const*)'
/home/root/kumarRobotics/autonomy_ws/src/kr_mav_control/kr_mav_controllers/test/so3_control_nodelet_test.cpp:120: undefined reference to `testing::Message::Message()'
/home/root/kumarRobotics/autonomy_ws/src/kr_mav_control/kr_mav_controllers/test/so3_control_nodelet_test.cpp:120: undefined reference to `testing::internal::AssertHelper::operator=(testing::Message const&) const'
/home/root/kumarRobotics/autonomy_ws/src/kr_mav_control/kr_mav_controllers/test/so3_control_nodelet_test.cpp:120: undefined reference to `testing::internal::AssertHelper::~AssertHelper()'
/home/root/kumarRobotics/autonomy_ws/src/kr_mav_control/kr_mav_controllers/test/so3_control_nodelet_test.cpp:121: undefined reference to `testing::internal::DoubleNearPredFormat(char const*, char const*, char const*, double, double, double)'
/home/root/kumarRobotics/autonomy_ws/src/kr_mav_control/kr_mav_controllers/test/so3_control_nodelet_test.cpp:121: undefined reference to `testing::internal::AssertHelper::AssertHelper(testing::TestPartResult::Type, char const*, int, char const*)'
/home/root/kumarRobotics/autonomy_ws/src/kr_mav_control/kr_mav_controllers/test/so3_control_nodelet_test.cpp:121: undefined reference to `testing::Message::Message()'
/home/root/kumarRobotics/autonomy_ws/src/kr_mav_control/kr_mav_controllers/test/so3_control_nodelet_test.cpp:121: undefined reference to `testing::internal::AssertHelper::operator=(testing::Message const&) const'
/home/root/kumarRobotics/autonomy_ws/src/kr_mav_control/kr_mav_controllers/test/so3_control_nodelet_test.cpp:121: undefined reference to `testing::internal::AssertHelper::~AssertHelper()'
/home/root/kumarRobotics/autonomy_ws/src/kr_mav_control/kr_mav_controllers/test/so3_control_nodelet_test.cpp:122: undefined reference to `testing::internal::DoubleNearPredFormat(char const*, char const*, char const*, double, double, double)'
/home/root/kumarRobotics/autonomy_ws/src/kr_mav_control/kr_mav_controllers/test/so3_control_nodelet_test.cpp:122: undefined reference to `testing::internal::AssertHelper::AssertHelper(testing::TestPartResult::Type, char const*, int, char const*)'
/home/root/kumarRobotics/autonomy_ws/src/kr_mav_control/kr_mav_controllers/test/so3_control_nodelet_test.cpp:122: undefined reference to `testing::Message::Message()'
/home/root/kumarRobotics/autonomy_ws/src/kr_mav_control/kr_mav_controllers/test/so3_control_nodelet_test.cpp:122: undefined reference to `testing::internal::AssertHelper::operator=(testing::Message const&) const'
/home/root/kumarRobotics/autonomy_ws/src/kr_mav_control/kr_mav_controllers/test/so3_control_nodelet_test.cpp:122: undefined reference to `testing::internal::AssertHelper::~AssertHelper()'
/home/root/kumarRobotics/autonomy_ws/src/kr_mav_control/kr_mav_controllers/test/so3_control_nodelet_test.cpp:123: undefined reference to `testing::internal::DoubleNearPredFormat(char const*, char const*, char const*, double, double, double)'
/home/root/kumarRobotics/autonomy_ws/src/kr_mav_control/kr_mav_controllers/test/so3_control_nodelet_test.cpp:123: undefined reference to `testing::internal::AssertHelper::AssertHelper(testing::TestPartResult::Type, char const*, int, char const*)'
/home/root/kumarRobotics/autonomy_ws/src/kr_mav_control/kr_mav_controllers/test/so3_control_nodelet_test.cpp:123: undefined reference to `testing::Message::Message()'
/home/root/kumarRobotics/autonomy_ws/src/kr_mav_control/kr_mav_controllers/test/so3_control_nodelet_test.cpp:123: undefined reference to `testing::internal::AssertHelper::operator=(testing::Message const&) const'
/home/root/kumarRobotics/autonomy_ws/src/kr_mav_control/kr_mav_controllers/test/so3_control_nodelet_test.cpp:123: undefined reference to `testing::internal::AssertHelper::~AssertHelper()'
/home/root/kumarRobotics/autonomy_ws/src/kr_mav_control/kr_mav_controllers/test/so3_control_nodelet_test.cpp:124: undefined reference to `testing::internal::DoubleNearPredFormat(char const*, char const*, char const*, double, double, double)'
/home/root/kumarRobotics/autonomy_ws/src/kr_mav_control/kr_mav_controllers/test/so3_control_nodelet_test.cpp:124: undefined reference to `testing::internal::AssertHelper::AssertHelper(testing::TestPartResult::Type, char const*, int, char const*)'
/home/root/kumarRobotics/autonomy_ws/src/kr_mav_control/kr_mav_controllers/test/so3_control_nodelet_test.cpp:124: undefined reference to `testing::Message::Message()'
/home/root/kumarRobotics/autonomy_ws/src/kr_mav_control/kr_mav_controllers/test/so3_control_nodelet_test.cpp:124: undefined reference to `testing::internal::AssertHelper::operator=(testing::Message const&) const'
/home/root/kumarRobotics/autonomy_ws/src/kr_mav_control/kr_mav_controllers/test/so3_control_nodelet_test.cpp:124: undefined reference to `testing::internal::AssertHelper::~AssertHelper()'
/home/root/kumarRobotics/autonomy_ws/src/kr_mav_control/kr_mav_controllers/test/so3_control_nodelet_test.cpp:125: undefined reference to `testing::internal::DoubleNearPredFormat(char const*, char const*, char const*, double, double, double)'
/home/root/kumarRobotics/autonomy_ws/src/kr_mav_control/kr_mav_controllers/test/so3_control_nodelet_test.cpp:125: undefined reference to `testing::internal::AssertHelper::AssertHelper(testing::TestPartResult::Type, char const*, int, char const*)'
/home/root/kumarRobotics/autonomy_ws/src/kr_mav_control/kr_mav_controllers/test/so3_control_nodelet_test.cpp:125: undefined reference to `testing::Message::Message()'
/home/root/kumarRobotics/autonomy_ws/src/kr_mav_control/kr_mav_controllers/test/so3_control_nodelet_test.cpp:125: undefined reference to `testing::internal::AssertHelper::operator=(testing::Message const&) const'
/home/root/kumarRobotics/autonomy_ws/src/kr_mav_control/kr_mav_controllers/test/so3_control_nodelet_test.cpp:125: undefined reference to `testing::internal::AssertHelper::~AssertHelper()'
/home/root/kumarRobotics/autonomy_ws/src/kr_mav_control/kr_mav_controllers/test/so3_control_nodelet_test.cpp:126: undefined reference to `testing::internal::DoubleNearPredFormat(char const*, char const*, char const*, double, double, double)'
/home/root/kumarRobotics/autonomy_ws/src/kr_mav_control/kr_mav_controllers/test/so3_control_nodelet_test.cpp:126: undefined reference to `testing::internal::AssertHelper::AssertHelper(testing::TestPartResult::Type, char const*, int, char const*)'
/home/root/kumarRobotics/autonomy_ws/src/kr_mav_control/kr_mav_controllers/test/so3_control_nodelet_test.cpp:126: undefined reference to `testing::Message::Message()'
/home/root/kumarRobotics/autonomy_ws/src/kr_mav_control/kr_mav_controllers/test/so3_control_nodelet_test.cpp:126: undefined reference to `testing::internal::AssertHelper::operator=(testing::Message const&) const'
/home/root/kumarRobotics/autonomy_ws/src/kr_mav_control/kr_mav_controllers/test/so3_control_nodelet_test.cpp:126: undefined reference to `testing::internal::AssertHelper::~AssertHelper()'
/home/root/kumarRobotics/autonomy_ws/src/kr_mav_control/kr_mav_controllers/test/so3_control_nodelet_test.cpp:127: undefined reference to `testing::internal::DoubleNearPredFormat(char const*, char const*, char const*, double, double, double)'
/home/root/kumarRobotics/autonomy_ws/src/kr_mav_control/kr_mav_controllers/test/so3_control_nodelet_test.cpp:127: undefined reference to `testing::internal::AssertHelper::AssertHelper(testing::TestPartResult::Type, char const*, int, char const*)'
/home/root/kumarRobotics/autonomy_ws/src/kr_mav_control/kr_mav_controllers/test/so3_control_nodelet_test.cpp:127: undefined reference to `testing::Message::Message()'
/home/root/kumarRobotics/autonomy_ws/src/kr_mav_control/kr_mav_controllers/test/so3_control_nodelet_test.cpp:127: undefined reference to `testing::internal::AssertHelper::operator=(testing::Message const&) const'
/home/root/kumarRobotics/autonomy_ws/src/kr_mav_control/kr_mav_controllers/test/so3_control_nodelet_test.cpp:127: undefined reference to `testing::internal::AssertHelper::~AssertHelper()'
/home/root/kumarRobotics/autonomy_ws/src/kr_mav_control/kr_mav_controllers/test/so3_control_nodelet_test.cpp:113: undefined reference to `testing::internal::GetBoolAssertionFailureMessage[abi:cxx11](testing::AssertionResult const&, char const*, char const*, char const*)'
/home/root/kumarRobotics/autonomy_ws/src/kr_mav_control/kr_mav_controllers/test/so3_control_nodelet_test.cpp:113: undefined reference to `testing::internal::AssertHelper::AssertHelper(testing::TestPartResult::Type, char const*, int, char const*)'
/home/root/kumarRobotics/autonomy_ws/src/kr_mav_control/kr_mav_controllers/test/so3_control_nodelet_test.cpp:113: undefined reference to `testing::Message::Message()'
/home/root/kumarRobotics/autonomy_ws/src/kr_mav_control/kr_mav_controllers/test/so3_control_nodelet_test.cpp:113: undefined reference to `testing::internal::AssertHelper::operator=(testing::Message const&) const'
/home/root/kumarRobotics/autonomy_ws/src/kr_mav_control/kr_mav_controllers/test/so3_control_nodelet_test.cpp:113: undefined reference to `testing::internal::AssertHelper::~AssertHelper()'
/home/root/kumarRobotics/autonomy_ws/src/kr_mav_control/kr_mav_controllers/test/so3_control_nodelet_test.cpp:113: undefined reference to `testing::internal::AssertHelper::~AssertHelper()'
/home/root/kumarRobotics/autonomy_ws/src/kr_mav_control/kr_mav_controllers/test/so3_control_nodelet_test.cpp:127: undefined reference to `testing::internal::AssertHelper::~AssertHelper()'
/home/root/kumarRobotics/autonomy_ws/src/kr_mav_control/kr_mav_controllers/test/so3_control_nodelet_test.cpp:126: undefined reference to `testing::internal::AssertHelper::~AssertHelper()'
/home/root/kumarRobotics/autonomy_ws/src/kr_mav_control/kr_mav_controllers/test/so3_control_nodelet_test.cpp:125: undefined reference to `testing::internal::AssertHelper::~AssertHelper()'
CMakeFiles/so3_control_nodelet_test.dir/test/so3_control_nodelet_test.cpp.o:/home/root/kumarRobotics/autonomy_ws/src/kr_mav_control/kr_mav_controllers/test/so3_control_nodelet_test.cpp:124: more undefined references to `testing::internal::AssertHelper::~AssertHelper()' follow
CMakeFiles/so3_control_nodelet_test.dir/test/so3_control_nodelet_test.cpp.o: In function `SO3ControlNodeletTest_Test6_Test::TestBody()':
/home/root/kumarRobotics/autonomy_ws/src/kr_mav_control/kr_mav_controllers/test/so3_control_nodelet_test.cpp:152: undefined reference to `testing::internal::DoubleNearPredFormat(char const*, char const*, char const*, double, double, double)'
/home/root/kumarRobotics/autonomy_ws/src/kr_mav_control/kr_mav_controllers/test/so3_control_nodelet_test.cpp:152: undefined reference to `testing::internal::AssertHelper::AssertHelper(testing::TestPartResult::Type, char const*, int, char const*)'
/home/root/kumarRobotics/autonomy_ws/src/kr_mav_control/kr_mav_controllers/test/so3_control_nodelet_test.cpp:152: undefined reference to `testing::Message::Message()'
/home/root/kumarRobotics/autonomy_ws/src/kr_mav_control/kr_mav_controllers/test/so3_control_nodelet_test.cpp:152: undefined reference to `testing::internal::AssertHelper::operator=(testing::Message const&) const'
/home/root/kumarRobotics/autonomy_ws/src/kr_mav_control/kr_mav_controllers/test/so3_control_nodelet_test.cpp:152: undefined reference to `testing::internal::AssertHelper::~AssertHelper()'
/home/root/kumarRobotics/autonomy_ws/src/kr_mav_control/kr_mav_controllers/test/so3_control_nodelet_test.cpp:153: undefined reference to `testing::internal::DoubleNearPredFormat(char const*, char const*, char const*, double, double, double)'
/home/root/kumarRobotics/autonomy_ws/src/kr_mav_control/kr_mav_controllers/test/so3_control_nodelet_test.cpp:153: undefined reference to `testing::internal::AssertHelper::AssertHelper(testing::TestPartResult::Type, char const*, int, char const*)'
/home/root/kumarRobotics/autonomy_ws/src/kr_mav_control/kr_mav_controllers/test/so3_control_nodelet_test.cpp:153: undefined reference to `testing::Message::Message()'
/home/root/kumarRobotics/autonomy_ws/src/kr_mav_control/kr_mav_controllers/test/so3_control_nodelet_test.cpp:153: undefined reference to `testing::internal::AssertHelper::operator=(testing::Message const&) const'
/home/root/kumarRobotics/autonomy_ws/src/kr_mav_control/kr_mav_controllers/test/so3_control_nodelet_test.cpp:153: undefined reference to `testing::internal::AssertHelper::~AssertHelper()'
/home/root/kumarRobotics/autonomy_ws/src/kr_mav_control/kr_mav_controllers/test/so3_control_nodelet_test.cpp:154: undefined reference to `testing::internal::DoubleNearPredFormat(char const*, char const*, char const*, double, double, double)'
/home/root/kumarRobotics/autonomy_ws/src/kr_mav_control/kr_mav_controllers/test/so3_control_nodelet_test.cpp:154: undefined reference to `testing::internal::AssertHelper::AssertHelper(testing::TestPartResult::Type, char const*, int, char const*)'
/home/root/kumarRobotics/autonomy_ws/src/kr_mav_control/kr_mav_controllers/test/so3_control_nodelet_test.cpp:154: undefined reference to `testing::Message::Message()'
/home/root/kumarRobotics/autonomy_ws/src/kr_mav_control/kr_mav_controllers/test/so3_control_nodelet_test.cpp:154: undefined reference to `testing::internal::AssertHelper::operator=(testing::Message const&) const'
/home/root/kumarRobotics/autonomy_ws/src/kr_mav_control/kr_mav_controllers/test/so3_control_nodelet_test.cpp:154: undefined reference to `testing::internal::AssertHelper::~AssertHelper()'
/home/root/kumarRobotics/autonomy_ws/src/kr_mav_control/kr_mav_controllers/test/so3_control_nodelet_test.cpp:155: undefined reference to `testing::internal::DoubleNearPredFormat(char const*, char const*, char const*, double, double, double)'
/home/root/kumarRobotics/autonomy_ws/src/kr_mav_control/kr_mav_controllers/test/so3_control_nodelet_test.cpp:155: undefined reference to `testing::internal::AssertHelper::AssertHelper(testing::TestPartResult::Type, char const*, int, char const*)'
/home/root/kumarRobotics/autonomy_ws/src/kr_mav_control/kr_mav_controllers/test/so3_control_nodelet_test.cpp:155: undefined reference to `testing::Message::Message()'
/home/root/kumarRobotics/autonomy_ws/src/kr_mav_control/kr_mav_controllers/test/so3_control_nodelet_test.cpp:155: undefined reference to `testing::internal::AssertHelper::operator=(testing::Message const&) const'
/home/root/kumarRobotics/autonomy_ws/src/kr_mav_control/kr_mav_controllers/test/so3_control_nodelet_test.cpp:155: undefined reference to `testing::internal::AssertHelper::~AssertHelper()'
/home/root/kumarRobotics/autonomy_ws/src/kr_mav_control/kr_mav_controllers/test/so3_control_nodelet_test.cpp:156: undefined reference to `testing::internal::DoubleNearPredFormat(char const*, char const*, char const*, double, double, double)'
/home/root/kumarRobotics/autonomy_ws/src/kr_mav_control/kr_mav_controllers/test/so3_control_nodelet_test.cpp:156: undefined reference to `testing::internal::AssertHelper::AssertHelper(testing::TestPartResult::Type, char const*, int, char const*)'
/home/root/kumarRobotics/autonomy_ws/src/kr_mav_control/kr_mav_controllers/test/so3_control_nodelet_test.cpp:156: undefined reference to `testing::Message::Message()'
/home/root/kumarRobotics/autonomy_ws/src/kr_mav_control/kr_mav_controllers/test/so3_control_nodelet_test.cpp:156: undefined reference to `testing::internal::AssertHelper::operator=(testing::Message const&) const'
/home/root/kumarRobotics/autonomy_ws/src/kr_mav_control/kr_mav_controllers/test/so3_control_nodelet_test.cpp:156: undefined reference to `testing::internal::AssertHelper::~AssertHelper()'
/home/root/kumarRobotics/autonomy_ws/src/kr_mav_control/kr_mav_controllers/test/so3_control_nodelet_test.cpp:157: undefined reference to `testing::internal::DoubleNearPredFormat(char const*, char const*, char const*, double, double, double)'
/home/root/kumarRobotics/autonomy_ws/src/kr_mav_control/kr_mav_controllers/test/so3_control_nodelet_test.cpp:157: undefined reference to `testing::internal::AssertHelper::AssertHelper(testing::TestPartResult::Type, char const*, int, char const*)'
/home/root/kumarRobotics/autonomy_ws/src/kr_mav_control/kr_mav_controllers/test/so3_control_nodelet_test.cpp:157: undefined reference to `testing::Message::Message()'
/home/root/kumarRobotics/autonomy_ws/src/kr_mav_control/kr_mav_controllers/test/so3_control_nodelet_test.cpp:157: undefined reference to `testing::internal::AssertHelper::operator=(testing::Message const&) const'
/home/root/kumarRobotics/autonomy_ws/src/kr_mav_control/kr_mav_controllers/test/so3_control_nodelet_test.cpp:157: undefined reference to `testing::internal::AssertHelper::~AssertHelper()'
/home/root/kumarRobotics/autonomy_ws/src/kr_mav_control/kr_mav_controllers/test/so3_control_nodelet_test.cpp:158: undefined reference to `testing::internal::DoubleNearPredFormat(char const*, char const*, char const*, double, double, double)'
/home/root/kumarRobotics/autonomy_ws/src/kr_mav_control/kr_mav_controllers/test/so3_control_nodelet_test.cpp:158: undefined reference to `testing::internal::AssertHelper::AssertHelper(testing::TestPartResult::Type, char const*, int, char const*)'
/home/root/kumarRobotics/autonomy_ws/src/kr_mav_control/kr_mav_controllers/test/so3_control_nodelet_test.cpp:158: undefined reference to `testing::Message::Message()'
/home/root/kumarRobotics/autonomy_ws/src/kr_mav_control/kr_mav_controllers/test/so3_control_nodelet_test.cpp:158: undefined reference to `testing::internal::AssertHelper::operator=(testing::Message const&) const'
/home/root/kumarRobotics/autonomy_ws/src/kr_mav_control/kr_mav_controllers/test/so3_control_nodelet_test.cpp:158: undefined reference to `testing::internal::AssertHelper::~AssertHelper()'
/home/root/kumarRobotics/autonomy_ws/src/kr_mav_control/kr_mav_controllers/test/so3_control_nodelet_test.cpp:159: undefined reference to `testing::internal::DoubleNearPredFormat(char const*, char const*, char const*, double, double, double)'
/home/root/kumarRobotics/autonomy_ws/src/kr_mav_control/kr_mav_controllers/test/so3_control_nodelet_test.cpp:159: undefined reference to `testing::internal::AssertHelper::AssertHelper(testing::TestPartResult::Type, char const*, int, char const*)'
/home/root/kumarRobotics/autonomy_ws/src/kr_mav_control/kr_mav_controllers/test/so3_control_nodelet_test.cpp:159: undefined reference to `testing::Message::Message()'
/home/root/kumarRobotics/autonomy_ws/src/kr_mav_control/kr_mav_controllers/test/so3_control_nodelet_test.cpp:159: undefined reference to `testing::internal::AssertHelper::operator=(testing::Message const&) const'
/home/root/kumarRobotics/autonomy_ws/src/kr_mav_control/kr_mav_controllers/test/so3_control_nodelet_test.cpp:159: undefined reference to `testing::internal::AssertHelper::~AssertHelper()'
/home/root/kumarRobotics/autonomy_ws/src/kr_mav_control/kr_mav_controllers/test/so3_control_nodelet_test.cpp:160: undefined reference to `testing::internal::DoubleNearPredFormat(char const*, char const*, char const*, double, double, double)'
/home/root/kumarRobotics/autonomy_ws/src/kr_mav_control/kr_mav_controllers/test/so3_control_nodelet_test.cpp:160: undefined reference to `testing::internal::AssertHelper::AssertHelper(testing::TestPartResult::Type, char const*, int, char const*)'
/home/root/kumarRobotics/autonomy_ws/src/kr_mav_control/kr_mav_controllers/test/so3_control_nodelet_test.cpp:160: undefined reference to `testing::Message::Message()'
/home/root/kumarRobotics/autonomy_ws/src/kr_mav_control/kr_mav_controllers/test/so3_control_nodelet_test.cpp:160: undefined reference to `testing::internal::AssertHelper::operator=(testing::Message const&) const'
/home/root/kumarRobotics/autonomy_ws/src/kr_mav_control/kr_mav_controllers/test/so3_control_nodelet_test.cpp:160: undefined reference to `testing::internal::AssertHelper::~AssertHelper()'
/home/root/kumarRobotics/autonomy_ws/src/kr_mav_control/kr_mav_controllers/test/so3_control_nodelet_test.cpp:161: undefined reference to `testing::internal::DoubleNearPredFormat(char const*, char const*, char const*, double, double, double)'
/home/root/kumarRobotics/autonomy_ws/src/kr_mav_control/kr_mav_controllers/test/so3_control_nodelet_test.cpp:161: undefined reference to `testing::internal::AssertHelper::AssertHelper(testing::TestPartResult::Type, char const*, int, char const*)'
/home/root/kumarRobotics/autonomy_ws/src/kr_mav_control/kr_mav_controllers/test/so3_control_nodelet_test.cpp:161: undefined reference to `testing::Message::Message()'
/home/root/kumarRobotics/autonomy_ws/src/kr_mav_control/kr_mav_controllers/test/so3_control_nodelet_test.cpp:161: undefined reference to `testing::internal::AssertHelper::operator=(testing::Message const&) const'
/home/root/kumarRobotics/autonomy_ws/src/kr_mav_control/kr_mav_controllers/test/so3_control_nodelet_test.cpp:161: undefined reference to `testing::internal::AssertHelper::~AssertHelper()'
/home/root/kumarRobotics/autonomy_ws/src/kr_mav_control/kr_mav_controllers/test/so3_control_nodelet_test.cpp:162: undefined reference to `testing::internal::DoubleNearPredFormat(char const*, char const*, char const*, double, double, double)'
/home/root/kumarRobotics/autonomy_ws/src/kr_mav_control/kr_mav_controllers/test/so3_control_nodelet_test.cpp:162: undefined reference to `testing::internal::AssertHelper::AssertHelper(testing::TestPartResult::Type, char const*, int, char const*)'
/home/root/kumarRobotics/autonomy_ws/src/kr_mav_control/kr_mav_controllers/test/so3_control_nodelet_test.cpp:162: undefined reference to `testing::Message::Message()'
/home/root/kumarRobotics/autonomy_ws/src/kr_mav_control/kr_mav_controllers/test/so3_control_nodelet_test.cpp:162: undefined reference to `testing::internal::AssertHelper::operator=(testing::Message const&) const'
/home/root/kumarRobotics/autonomy_ws/src/kr_mav_control/kr_mav_controllers/test/so3_control_nodelet_test.cpp:162: undefined reference to `testing::internal::AssertHelper::~AssertHelper()'
/home/root/kumarRobotics/autonomy_ws/src/kr_mav_control/kr_mav_controllers/test/so3_control_nodelet_test.cpp:163: undefined reference to `testing::internal::DoubleNearPredFormat(char const*, char const*, char const*, double, double, double)'
/home/root/kumarRobotics/autonomy_ws/src/kr_mav_control/kr_mav_controllers/test/so3_control_nodelet_test.cpp:163: undefined reference to `testing::internal::AssertHelper::AssertHelper(testing::TestPartResult::Type, char const*, int, char const*)'
/home/root/kumarRobotics/autonomy_ws/src/kr_mav_control/kr_mav_controllers/test/so3_control_nodelet_test.cpp:163: undefined reference to `testing::Message::Message()'
/home/root/kumarRobotics/autonomy_ws/src/kr_mav_control/kr_mav_controllers/test/so3_control_nodelet_test.cpp:163: undefined reference to `testing::internal::AssertHelper::operator=(testing::Message const&) const'
/home/root/kumarRobotics/autonomy_ws/src/kr_mav_control/kr_mav_controllers/test/so3_control_nodelet_test.cpp:163: undefined reference to `testing::internal::AssertHelper::~AssertHelper()'
/home/root/kumarRobotics/autonomy_ws/src/kr_mav_control/kr_mav_controllers/test/so3_control_nodelet_test.cpp:164: undefined reference to `testing::internal::DoubleNearPredFormat(char const*, char const*, char const*, double, double, double)'
/home/root/kumarRobotics/autonomy_ws/src/kr_mav_control/kr_mav_controllers/test/so3_control_nodelet_test.cpp:164: undefined reference to `testing::internal::AssertHelper::AssertHelper(testing::TestPartResult::Type, char const*, int, char const*)'
/home/root/kumarRobotics/autonomy_ws/src/kr_mav_control/kr_mav_controllers/test/so3_control_nodelet_test.cpp:164: undefined reference to `testing::Message::Message()'
/home/root/kumarRobotics/autonomy_ws/src/kr_mav_control/kr_mav_controllers/test/so3_control_nodelet_test.cpp:164: undefined reference to `testing::internal::AssertHelper::operator=(testing::Message const&) const'
/home/root/kumarRobotics/autonomy_ws/src/kr_mav_control/kr_mav_controllers/test/so3_control_nodelet_test.cpp:164: undefined reference to `testing::internal::AssertHelper::~AssertHelper()'
/home/root/kumarRobotics/autonomy_ws/src/kr_mav_control/kr_mav_controllers/test/so3_control_nodelet_test.cpp:165: undefined reference to `testing::internal::DoubleNearPredFormat(char const*, char const*, char const*, double, double, double)'
/home/root/kumarRobotics/autonomy_ws/src/kr_mav_control/kr_mav_controllers/test/so3_control_nodelet_test.cpp:165: undefined reference to `testing::internal::AssertHelper::AssertHelper(testing::TestPartResult::Type, char const*, int, char const*)'
/home/root/kumarRobotics/autonomy_ws/src/kr_mav_control/kr_mav_controllers/test/so3_control_nodelet_test.cpp:165: undefined reference to `testing::Message::Message()'
/home/root/kumarRobotics/autonomy_ws/src/kr_mav_control/kr_mav_controllers/test/so3_control_nodelet_test.cpp:165: undefined reference to `testing::internal::AssertHelper::operator=(testing::Message const&) const'
/home/root/kumarRobotics/autonomy_ws/src/kr_mav_control/kr_mav_controllers/test/so3_control_nodelet_test.cpp:165: undefined reference to `testing::internal::AssertHelper::~AssertHelper()'
/home/root/kumarRobotics/autonomy_ws/src/kr_mav_control/kr_mav_controllers/test/so3_control_nodelet_test.cpp:151: undefined reference to `testing::internal::GetBoolAssertionFailureMessage[abi:cxx11](testing::AssertionResult const&, char const*, char const*, char const*)'
/home/root/kumarRobotics/autonomy_ws/src/kr_mav_control/kr_mav_controllers/test/so3_control_nodelet_test.cpp:151: undefined reference to `testing::internal::AssertHelper::AssertHelper(testing::TestPartResult::Type, char const*, int, char const*)'
/home/root/kumarRobotics/autonomy_ws/src/kr_mav_control/kr_mav_controllers/test/so3_control_nodelet_test.cpp:151: undefined reference to `testing::Message::Message()'
/home/root/kumarRobotics/autonomy_ws/src/kr_mav_control/kr_mav_controllers/test/so3_control_nodelet_test.cpp:151: undefined reference to `testing::internal::AssertHelper::operator=(testing::Message const&) const'
/home/root/kumarRobotics/autonomy_ws/src/kr_mav_control/kr_mav_controllers/test/so3_control_nodelet_test.cpp:151: undefined reference to `testing::internal::AssertHelper::~AssertHelper()'
/home/root/kumarRobotics/autonomy_ws/src/kr_mav_control/kr_mav_controllers/test/so3_control_nodelet_test.cpp:151: undefined reference to `testing::internal::AssertHelper::~AssertHelper()'
/home/root/kumarRobotics/autonomy_ws/src/kr_mav_control/kr_mav_controllers/test/so3_control_nodelet_test.cpp:165: undefined reference to `testing::internal::AssertHelper::~AssertHelper()'
/home/root/kumarRobotics/autonomy_ws/src/kr_mav_control/kr_mav_controllers/test/so3_control_nodelet_test.cpp:164: undefined reference to `testing::internal::AssertHelper::~AssertHelper()'
/home/root/kumarRobotics/autonomy_ws/src/kr_mav_control/kr_mav_controllers/test/so3_control_nodelet_test.cpp:163: undefined reference to `testing::internal::AssertHelper::~AssertHelper()'
CMakeFiles/so3_control_nodelet_test.dir/test/so3_control_nodelet_test.cpp.o:/home/root/kumarRobotics/autonomy_ws/src/kr_mav_control/kr_mav_controllers/test/so3_control_nodelet_test.cpp:162: more undefined references to `testing::internal::AssertHelper::~AssertHelper()' follow
CMakeFiles/so3_control_nodelet_test.dir/test/so3_control_nodelet_test.cpp.o: In function `SO3ControlNodeletTest_Test7_Test::TestBody()':
/home/root/kumarRobotics/autonomy_ws/src/kr_mav_control/kr_mav_controllers/test/so3_control_nodelet_test.cpp:194: undefined reference to `testing::internal::DoubleNearPredFormat(char const*, char const*, char const*, double, double, double)'
/home/root/kumarRobotics/autonomy_ws/src/kr_mav_control/kr_mav_controllers/test/so3_control_nodelet_test.cpp:194: undefined reference to `testing::internal::AssertHelper::AssertHelper(testing::TestPartResult::Type, char const*, int, char const*)'
/home/root/kumarRobotics/autonomy_ws/src/kr_mav_control/kr_mav_controllers/test/so3_control_nodelet_test.cpp:194: undefined reference to `testing::Message::Message()'
/home/root/kumarRobotics/autonomy_ws/src/kr_mav_control/kr_mav_controllers/test/so3_control_nodelet_test.cpp:194: undefined reference to `testing::internal::AssertHelper::operator=(testing::Message const&) const'
/home/root/kumarRobotics/autonomy_ws/src/kr_mav_control/kr_mav_controllers/test/so3_control_nodelet_test.cpp:194: undefined reference to `testing::internal::AssertHelper::~AssertHelper()'
/home/root/kumarRobotics/autonomy_ws/src/kr_mav_control/kr_mav_controllers/test/so3_control_nodelet_test.cpp:195: undefined reference to `testing::internal::DoubleNearPredFormat(char const*, char const*, char const*, double, double, double)'
/home/root/kumarRobotics/autonomy_ws/src/kr_mav_control/kr_mav_controllers/test/so3_control_nodelet_test.cpp:195: undefined reference to `testing::internal::AssertHelper::AssertHelper(testing::TestPartResult::Type, char const*, int, char const*)'
/home/root/kumarRobotics/autonomy_ws/src/kr_mav_control/kr_mav_controllers/test/so3_control_nodelet_test.cpp:195: undefined reference to `testing::Message::Message()'
/home/root/kumarRobotics/autonomy_ws/src/kr_mav_control/kr_mav_controllers/test/so3_control_nodelet_test.cpp:195: undefined reference to `testing::internal::AssertHelper::operator=(testing::Message const&) const'
/home/root/kumarRobotics/autonomy_ws/src/kr_mav_control/kr_mav_controllers/test/so3_control_nodelet_test.cpp:195: undefined reference to `testing::internal::AssertHelper::~AssertHelper()'
/home/root/kumarRobotics/autonomy_ws/src/kr_mav_control/kr_mav_controllers/test/so3_control_nodelet_test.cpp:196: undefined reference to `testing::internal::DoubleNearPredFormat(char const*, char const*, char const*, double, double, double)'
/home/root/kumarRobotics/autonomy_ws/src/kr_mav_control/kr_mav_controllers/test/so3_control_nodelet_test.cpp:196: undefined reference to `testing::internal::AssertHelper::AssertHelper(testing::TestPartResult::Type, char const*, int, char const*)'
/home/root/kumarRobotics/autonomy_ws/src/kr_mav_control/kr_mav_controllers/test/so3_control_nodelet_test.cpp:196: undefined reference to `testing::Message::Message()'
/home/root/kumarRobotics/autonomy_ws/src/kr_mav_control/kr_mav_controllers/test/so3_control_nodelet_test.cpp:196: undefined reference to `testing::internal::AssertHelper::operator=(testing::Message const&) const'
/home/root/kumarRobotics/autonomy_ws/src/kr_mav_control/kr_mav_controllers/test/so3_control_nodelet_test.cpp:196: undefined reference to `testing::internal::AssertHelper::~AssertHelper()'
/home/root/kumarRobotics/autonomy_ws/src/kr_mav_control/kr_mav_controllers/test/so3_control_nodelet_test.cpp:197: undefined reference to `testing::internal::DoubleNearPredFormat(char const*, char const*, char const*, double, double, double)'
/home/root/kumarRobotics/autonomy_ws/src/kr_mav_control/kr_mav_controllers/test/so3_control_nodelet_test.cpp:197: undefined reference to `testing::internal::AssertHelper::AssertHelper(testing::TestPartResult::Type, char const*, int, char const*)'
/home/root/kumarRobotics/autonomy_ws/src/kr_mav_control/kr_mav_controllers/test/so3_control_nodelet_test.cpp:197: undefined reference to `testing::Message::Message()'
/home/root/kumarRobotics/autonomy_ws/src/kr_mav_control/kr_mav_controllers/test/so3_control_nodelet_test.cpp:197: undefined reference to `testing::internal::AssertHelper::operator=(testing::Message const&) const'
/home/root/kumarRobotics/autonomy_ws/src/kr_mav_control/kr_mav_controllers/test/so3_control_nodelet_test.cpp:197: undefined reference to `testing::internal::AssertHelper::~AssertHelper()'
/home/root/kumarRobotics/autonomy_ws/src/kr_mav_control/kr_mav_controllers/test/so3_control_nodelet_test.cpp:198: undefined reference to `testing::internal::DoubleNearPredFormat(char const*, char const*, char const*, double, double, double)'
/home/root/kumarRobotics/autonomy_ws/src/kr_mav_control/kr_mav_controllers/test/so3_control_nodelet_test.cpp:198: undefined reference to `testing::internal::AssertHelper::AssertHelper(testing::TestPartResult::Type, char const*, int, char const*)'
/home/root/kumarRobotics/autonomy_ws/src/kr_mav_control/kr_mav_controllers/test/so3_control_nodelet_test.cpp:198: undefined reference to `testing::Message::Message()'
/home/root/kumarRobotics/autonomy_ws/src/kr_mav_control/kr_mav_controllers/test/so3_control_nodelet_test.cpp:198: undefined reference to `testing::internal::AssertHelper::operator=(testing::Message const&) const'
/home/root/kumarRobotics/autonomy_ws/src/kr_mav_control/kr_mav_controllers/test/so3_control_nodelet_test.cpp:198: undefined reference to `testing::internal::AssertHelper::~AssertHelper()'
/home/root/kumarRobotics/autonomy_ws/src/kr_mav_control/kr_mav_controllers/test/so3_control_nodelet_test.cpp:199: undefined reference to `testing::internal::DoubleNearPredFormat(char const*, char const*, char const*, double, double, double)'
/home/root/kumarRobotics/autonomy_ws/src/kr_mav_control/kr_mav_controllers/test/so3_control_nodelet_test.cpp:199: undefined reference to `testing::internal::AssertHelper::AssertHelper(testing::TestPartResult::Type, char const*, int, char const*)'
/home/root/kumarRobotics/autonomy_ws/src/kr_mav_control/kr_mav_controllers/test/so3_control_nodelet_test.cpp:199: undefined reference to `testing::Message::Message()'
/home/root/kumarRobotics/autonomy_ws/src/kr_mav_control/kr_mav_controllers/test/so3_control_nodelet_test.cpp:199: undefined reference to `testing::internal::AssertHelper::operator=(testing::Message const&) const'
/home/root/kumarRobotics/autonomy_ws/src/kr_mav_control/kr_mav_controllers/test/so3_control_nodelet_test.cpp:199: undefined reference to `testing::internal::AssertHelper::~AssertHelper()'
/home/root/kumarRobotics/autonomy_ws/src/kr_mav_control/kr_mav_controllers/test/so3_control_nodelet_test.cpp:200: undefined reference to `testing::internal::DoubleNearPredFormat(char const*, char const*, char const*, double, double, double)'
/home/root/kumarRobotics/autonomy_ws/src/kr_mav_control/kr_mav_controllers/test/so3_control_nodelet_test.cpp:200: undefined reference to `testing::internal::AssertHelper::AssertHelper(testing::TestPartResult::Type, char const*, int, char const*)'
/home/root/kumarRobotics/autonomy_ws/src/kr_mav_control/kr_mav_controllers/test/so3_control_nodelet_test.cpp:200: undefined reference to `testing::Message::Message()'
/home/root/kumarRobotics/autonomy_ws/src/kr_mav_control/kr_mav_controllers/test/so3_control_nodelet_test.cpp:200: undefined reference to `testing::internal::AssertHelper::operator=(testing::Message const&) const'
/home/root/kumarRobotics/autonomy_ws/src/kr_mav_control/kr_mav_controllers/test/so3_control_nodelet_test.cpp:200: undefined reference to `testing::internal::AssertHelper::~AssertHelper()'
/home/root/kumarRobotics/autonomy_ws/src/kr_mav_control/kr_mav_controllers/test/so3_control_nodelet_test.cpp:201: undefined reference to `testing::internal::DoubleNearPredFormat(char const*, char const*, char const*, double, double, double)'
/home/root/kumarRobotics/autonomy_ws/src/kr_mav_control/kr_mav_controllers/test/so3_control_nodelet_test.cpp:201: undefined reference to `testing::internal::AssertHelper::AssertHelper(testing::TestPartResult::Type, char const*, int, char const*)'
/home/root/kumarRobotics/autonomy_ws/src/kr_mav_control/kr_mav_controllers/test/so3_control_nodelet_test.cpp:201: undefined reference to `testing::Message::Message()'
/home/root/kumarRobotics/autonomy_ws/src/kr_mav_control/kr_mav_controllers/test/so3_control_nodelet_test.cpp:201: undefined reference to `testing::internal::AssertHelper::operator=(testing::Message const&) const'
/home/root/kumarRobotics/autonomy_ws/src/kr_mav_control/kr_mav_controllers/test/so3_control_nodelet_test.cpp:201: undefined reference to `testing::internal::AssertHelper::~AssertHelper()'
/home/root/kumarRobotics/autonomy_ws/src/kr_mav_control/kr_mav_controllers/test/so3_control_nodelet_test.cpp:202: undefined reference to `testing::internal::DoubleNearPredFormat(char const*, char const*, char const*, double, double, double)'
/home/root/kumarRobotics/autonomy_ws/src/kr_mav_control/kr_mav_controllers/test/so3_control_nodelet_test.cpp:202: undefined reference to `testing::internal::AssertHelper::AssertHelper(testing::TestPartResult::Type, char const*, int, char const*)'
/home/root/kumarRobotics/autonomy_ws/src/kr_mav_control/kr_mav_controllers/test/so3_control_nodelet_test.cpp:202: undefined reference to `testing::Message::Message()'
/home/root/kumarRobotics/autonomy_ws/src/kr_mav_control/kr_mav_controllers/test/so3_control_nodelet_test.cpp:202: undefined reference to `testing::internal::AssertHelper::operator=(testing::Message const&) const'
/home/root/kumarRobotics/autonomy_ws/src/kr_mav_control/kr_mav_controllers/test/so3_control_nodelet_test.cpp:202: undefined reference to `testing::internal::AssertHelper::~AssertHelper()'
/home/root/kumarRobotics/autonomy_ws/src/kr_mav_control/kr_mav_controllers/test/so3_control_nodelet_test.cpp:203: undefined reference to `testing::internal::DoubleNearPredFormat(char const*, char const*, char const*, double, double, double)'
/home/root/kumarRobotics/autonomy_ws/src/kr_mav_control/kr_mav_controllers/test/so3_control_nodelet_test.cpp:203: undefined reference to `testing::internal::AssertHelper::AssertHelper(testing::TestPartResult::Type, char const*, int, char const*)'
/home/root/kumarRobotics/autonomy_ws/src/kr_mav_control/kr_mav_controllers/test/so3_control_nodelet_test.cpp:203: undefined reference to `testing::Message::Message()'
/home/root/kumarRobotics/autonomy_ws/src/kr_mav_control/kr_mav_controllers/test/so3_control_nodelet_test.cpp:203: undefined reference to `testing::internal::AssertHelper::operator=(testing::Message const&) const'
/home/root/kumarRobotics/autonomy_ws/src/kr_mav_control/kr_mav_controllers/test/so3_control_nodelet_test.cpp:203: undefined reference to `testing::internal::AssertHelper::~AssertHelper()'
/home/root/kumarRobotics/autonomy_ws/src/kr_mav_control/kr_mav_controllers/test/so3_control_nodelet_test.cpp:204: undefined reference to `testing::internal::DoubleNearPredFormat(char const*, char const*, char const*, double, double, double)'
/home/root/kumarRobotics/autonomy_ws/src/kr_mav_control/kr_mav_controllers/test/so3_control_nodelet_test.cpp:204: undefined reference to `testing::internal::AssertHelper::AssertHelper(testing::TestPartResult::Type, char const*, int, char const*)'
/home/root/kumarRobotics/autonomy_ws/src/kr_mav_control/kr_mav_controllers/test/so3_control_nodelet_test.cpp:204: undefined reference to `testing::Message::Message()'
/home/root/kumarRobotics/autonomy_ws/src/kr_mav_control/kr_mav_controllers/test/so3_control_nodelet_test.cpp:204: undefined reference to `testing::internal::AssertHelper::operator=(testing::Message const&) const'
/home/root/kumarRobotics/autonomy_ws/src/kr_mav_control/kr_mav_controllers/test/so3_control_nodelet_test.cpp:204: undefined reference to `testing::internal::AssertHelper::~AssertHelper()'
/home/root/kumarRobotics/autonomy_ws/src/kr_mav_control/kr_mav_controllers/test/so3_control_nodelet_test.cpp:205: undefined reference to `testing::internal::DoubleNearPredFormat(char const*, char const*, char const*, double, double, double)'
/home/root/kumarRobotics/autonomy_ws/src/kr_mav_control/kr_mav_controllers/test/so3_control_nodelet_test.cpp:205: undefined reference to `testing::internal::AssertHelper::AssertHelper(testing::TestPartResult::Type, char const*, int, char const*)'
/home/root/kumarRobotics/autonomy_ws/src/kr_mav_control/kr_mav_controllers/test/so3_control_nodelet_test.cpp:205: undefined reference to `testing::Message::Message()'
/home/root/kumarRobotics/autonomy_ws/src/kr_mav_control/kr_mav_controllers/test/so3_control_nodelet_test.cpp:205: undefined reference to `testing::internal::AssertHelper::operator=(testing::Message const&) const'
/home/root/kumarRobotics/autonomy_ws/src/kr_mav_control/kr_mav_controllers/test/so3_control_nodelet_test.cpp:205: undefined reference to `testing::internal::AssertHelper::~AssertHelper()'
/home/root/kumarRobotics/autonomy_ws/src/kr_mav_control/kr_mav_controllers/test/so3_control_nodelet_test.cpp:206: undefined reference to `testing::internal::DoubleNearPredFormat(char const*, char const*, char const*, double, double, double)'
/home/root/kumarRobotics/autonomy_ws/src/kr_mav_control/kr_mav_controllers/test/so3_control_nodelet_test.cpp:206: undefined reference to `testing::internal::AssertHelper::AssertHelper(testing::TestPartResult::Type, char const*, int, char const*)'
/home/root/kumarRobotics/autonomy_ws/src/kr_mav_control/kr_mav_controllers/test/so3_control_nodelet_test.cpp:206: undefined reference to `testing::Message::Message()'
/home/root/kumarRobotics/autonomy_ws/src/kr_mav_control/kr_mav_controllers/test/so3_control_nodelet_test.cpp:206: undefined reference to `testing::internal::AssertHelper::operator=(testing::Message const&) const'
/home/root/kumarRobotics/autonomy_ws/src/kr_mav_control/kr_mav_controllers/test/so3_control_nodelet_test.cpp:206: undefined reference to `testing::internal::AssertHelper::~AssertHelper()'
/home/root/kumarRobotics/autonomy_ws/src/kr_mav_control/kr_mav_controllers/test/so3_control_nodelet_test.cpp:207: undefined reference to `testing::internal::DoubleNearPredFormat(char const*, char const*, char const*, double, double, double)'
/home/root/kumarRobotics/autonomy_ws/src/kr_mav_control/kr_mav_controllers/test/so3_control_nodelet_test.cpp:207: undefined reference to `testing::internal::AssertHelper::AssertHelper(testing::TestPartResult::Type, char const*, int, char const*)'
/home/root/kumarRobotics/autonomy_ws/src/kr_mav_control/kr_mav_controllers/test/so3_control_nodelet_test.cpp:207: undefined reference to `testing::Message::Message()'
/home/root/kumarRobotics/autonomy_ws/src/kr_mav_control/kr_mav_controllers/test/so3_control_nodelet_test.cpp:207: undefined reference to `testing::internal::AssertHelper::operator=(testing::Message const&) const'
/home/root/kumarRobotics/autonomy_ws/src/kr_mav_control/kr_mav_controllers/test/so3_control_nodelet_test.cpp:207: undefined reference to `testing::internal::AssertHelper::~AssertHelper()'
/home/root/kumarRobotics/autonomy_ws/src/kr_mav_control/kr_mav_controllers/test/so3_control_nodelet_test.cpp:193: undefined reference to `testing::internal::GetBoolAssertionFailureMessage[abi:cxx11](testing::AssertionResult const&, char const*, char const*, char const*)'
/home/root/kumarRobotics/autonomy_ws/src/kr_mav_control/kr_mav_controllers/test/so3_control_nodelet_test.cpp:193: undefined reference to `testing::internal::AssertHelper::AssertHelper(testing::TestPartResult::Type, char const*, int, char const*)'
/home/root/kumarRobotics/autonomy_ws/src/kr_mav_control/kr_mav_controllers/test/so3_control_nodelet_test.cpp:193: undefined reference to `testing::Message::Message()'
/home/root/kumarRobotics/autonomy_ws/src/kr_mav_control/kr_mav_controllers/test/so3_control_nodelet_test.cpp:193: undefined reference to `testing::internal::AssertHelper::operator=(testing::Message const&) const'
/home/root/kumarRobotics/autonomy_ws/src/kr_mav_control/kr_mav_controllers/test/so3_control_nodelet_test.cpp:193: undefined reference to `testing::internal::AssertHelper::~AssertHelper()'
/home/root/kumarRobotics/autonomy_ws/src/kr_mav_control/kr_mav_controllers/test/so3_control_nodelet_test.cpp:193: undefined reference to `testing::internal::AssertHelper::~AssertHelper()'
/home/root/kumarRobotics/autonomy_ws/src/kr_mav_control/kr_mav_controllers/test/so3_control_nodelet_test.cpp:207: undefined reference to `testing::internal::AssertHelper::~AssertHelper()'
/home/root/kumarRobotics/autonomy_ws/src/kr_mav_control/kr_mav_controllers/test/so3_control_nodelet_test.cpp:206: undefined reference to `testing::internal::AssertHelper::~AssertHelper()'
/home/root/kumarRobotics/autonomy_ws/src/kr_mav_control/kr_mav_controllers/test/so3_control_nodelet_test.cpp:205: undefined reference to `testing::internal::AssertHelper::~AssertHelper()'
CMakeFiles/so3_control_nodelet_test.dir/test/so3_control_nodelet_test.cpp.o:/home/root/kumarRobotics/autonomy_ws/src/kr_mav_control/kr_mav_controllers/test/so3_control_nodelet_test.cpp:204: more undefined references to `testing::internal::AssertHelper::~AssertHelper()' follow
CMakeFiles/so3_control_nodelet_test.dir/test/so3_control_nodelet_test.cpp.o: In function `SO3ControlNodeletTest_Test4_Test::TestBody()':
/home/root/kumarRobotics/autonomy_ws/src/kr_mav_control/kr_mav_controllers/test/so3_control_nodelet_test.cpp:77: undefined reference to `testing::internal::AssertHelper::AssertHelper(testing::TestPartResult::Type, char const*, int, char const*)'
/home/root/kumarRobotics/autonomy_ws/src/kr_mav_control/kr_mav_controllers/test/so3_control_nodelet_test.cpp:77: undefined reference to `testing::Message::Message()'
/home/root/kumarRobotics/autonomy_ws/src/kr_mav_control/kr_mav_controllers/test/so3_control_nodelet_test.cpp:77: undefined reference to `testing::internal::AssertHelper::operator=(testing::Message const&) const'
/home/root/kumarRobotics/autonomy_ws/src/kr_mav_control/kr_mav_controllers/test/so3_control_nodelet_test.cpp:77: undefined reference to `testing::internal::AssertHelper::~AssertHelper()'
/home/root/kumarRobotics/autonomy_ws/src/kr_mav_control/kr_mav_controllers/test/so3_control_nodelet_test.cpp:78: undefined reference to `testing::internal::AssertHelper::AssertHelper(testing::TestPartResult::Type, char const*, int, char const*)'
/home/root/kumarRobotics/autonomy_ws/src/kr_mav_control/kr_mav_controllers/test/so3_control_nodelet_test.cpp:78: undefined reference to `testing::Message::Message()'
/home/root/kumarRobotics/autonomy_ws/src/kr_mav_control/kr_mav_controllers/test/so3_control_nodelet_test.cpp:78: undefined reference to `testing::internal::AssertHelper::operator=(testing::Message const&) const'
/home/root/kumarRobotics/autonomy_ws/src/kr_mav_control/kr_mav_controllers/test/so3_control_nodelet_test.cpp:78: undefined reference to `testing::internal::AssertHelper::~AssertHelper()'
/home/root/kumarRobotics/autonomy_ws/src/kr_mav_control/kr_mav_controllers/test/so3_control_nodelet_test.cpp:79: undefined reference to `testing::internal::AssertHelper::AssertHelper(testing::TestPartResult::Type, char const*, int, char const*)'
/home/root/kumarRobotics/autonomy_ws/src/kr_mav_control/kr_mav_controllers/test/so3_control_nodelet_test.cpp:79: undefined reference to `testing::Message::Message()'
/home/root/kumarRobotics/autonomy_ws/src/kr_mav_control/kr_mav_controllers/test/so3_control_nodelet_test.cpp:79: undefined reference to `testing::internal::AssertHelper::operator=(testing::Message const&) const'
/home/root/kumarRobotics/autonomy_ws/src/kr_mav_control/kr_mav_controllers/test/so3_control_nodelet_test.cpp:79: undefined reference to `testing::internal::AssertHelper::~AssertHelper()'
/home/root/kumarRobotics/autonomy_ws/src/kr_mav_control/kr_mav_controllers/test/so3_control_nodelet_test.cpp:80: undefined reference to `testing::internal::AssertHelper::AssertHelper(testing::TestPartResult::Type, char const*, int, char const*)'
/home/root/kumarRobotics/autonomy_ws/src/kr_mav_control/kr_mav_controllers/test/so3_control_nodelet_test.cpp:80: undefined reference to `testing::Message::Message()'
/home/root/kumarRobotics/autonomy_ws/src/kr_mav_control/kr_mav_controllers/test/so3_control_nodelet_test.cpp:80: undefined reference to `testing::internal::AssertHelper::operator=(testing::Message const&) const'
/home/root/kumarRobotics/autonomy_ws/src/kr_mav_control/kr_mav_controllers/test/so3_control_nodelet_test.cpp:80: undefined reference to `testing::internal::AssertHelper::~AssertHelper()'
/home/root/kumarRobotics/autonomy_ws/src/kr_mav_control/kr_mav_controllers/test/so3_control_nodelet_test.cpp:81: undefined reference to `testing::internal::AssertHelper::AssertHelper(testing::TestPartResult::Type, char const*, int, char const*)'
/home/root/kumarRobotics/autonomy_ws/src/kr_mav_control/kr_mav_controllers/test/so3_control_nodelet_test.cpp:81: undefined reference to `testing::Message::Message()'
/home/root/kumarRobotics/autonomy_ws/src/kr_mav_control/kr_mav_controllers/test/so3_control_nodelet_test.cpp:81: undefined reference to `testing::internal::AssertHelper::operator=(testing::Message const&) const'
/home/root/kumarRobotics/autonomy_ws/src/kr_mav_control/kr_mav_controllers/test/so3_control_nodelet_test.cpp:81: undefined reference to `testing::internal::AssertHelper::~AssertHelper()'
/home/root/kumarRobotics/autonomy_ws/src/kr_mav_control/kr_mav_controllers/test/so3_control_nodelet_test.cpp:82: undefined reference to `testing::internal::AssertHelper::AssertHelper(testing::TestPartResult::Type, char const*, int, char const*)'
/home/root/kumarRobotics/autonomy_ws/src/kr_mav_control/kr_mav_controllers/test/so3_control_nodelet_test.cpp:82: undefined reference to `testing::Message::Message()'
/home/root/kumarRobotics/autonomy_ws/src/kr_mav_control/kr_mav_controllers/test/so3_control_nodelet_test.cpp:82: undefined reference to `testing::internal::AssertHelper::operator=(testing::Message const&) const'
/home/root/kumarRobotics/autonomy_ws/src/kr_mav_control/kr_mav_controllers/test/so3_control_nodelet_test.cpp:82: undefined reference to `testing::internal::AssertHelper::~AssertHelper()'
/home/root/kumarRobotics/autonomy_ws/src/kr_mav_control/kr_mav_controllers/test/so3_control_nodelet_test.cpp:83: undefined reference to `testing::internal::AssertHelper::AssertHelper(testing::TestPartResult::Type, char const*, int, char const*)'
/home/root/kumarRobotics/autonomy_ws/src/kr_mav_control/kr_mav_controllers/test/so3_control_nodelet_test.cpp:83: undefined reference to `testing::Message::Message()'
/home/root/kumarRobotics/autonomy_ws/src/kr_mav_control/kr_mav_controllers/test/so3_control_nodelet_test.cpp:83: undefined reference to `testing::internal::AssertHelper::operator=(testing::Message const&) const'
/home/root/kumarRobotics/autonomy_ws/src/kr_mav_control/kr_mav_controllers/test/so3_control_nodelet_test.cpp:83: undefined reference to `testing::internal::AssertHelper::~AssertHelper()'
/home/root/kumarRobotics/autonomy_ws/src/kr_mav_control/kr_mav_controllers/test/so3_control_nodelet_test.cpp:84: undefined reference to `testing::internal::AssertHelper::AssertHelper(testing::TestPartResult::Type, char const*, int, char const*)'
/home/root/kumarRobotics/autonomy_ws/src/kr_mav_control/kr_mav_controllers/test/so3_control_nodelet_test.cpp:84: undefined reference to `testing::Message::Message()'
/home/root/kumarRobotics/autonomy_ws/src/kr_mav_control/kr_mav_controllers/test/so3_control_nodelet_test.cpp:84: undefined reference to `testing::internal::AssertHelper::operator=(testing::Message const&) const'
/home/root/kumarRobotics/autonomy_ws/src/kr_mav_control/kr_mav_controllers/test/so3_control_nodelet_test.cpp:84: undefined reference to `testing::internal::AssertHelper::~AssertHelper()'
/home/root/kumarRobotics/autonomy_ws/src/kr_mav_control/kr_mav_controllers/test/so3_control_nodelet_test.cpp:85: undefined reference to `testing::internal::AssertHelper::AssertHelper(testing::TestPartResult::Type, char const*, int, char const*)'
/home/root/kumarRobotics/autonomy_ws/src/kr_mav_control/kr_mav_controllers/test/so3_control_nodelet_test.cpp:85: undefined reference to `testing::Message::Message()'
/home/root/kumarRobotics/autonomy_ws/src/kr_mav_control/kr_mav_controllers/test/so3_control_nodelet_test.cpp:85: undefined reference to `testing::internal::AssertHelper::operator=(testing::Message const&) const'
/home/root/kumarRobotics/autonomy_ws/src/kr_mav_control/kr_mav_controllers/test/so3_control_nodelet_test.cpp:85: undefined reference to `testing::internal::AssertHelper::~AssertHelper()'
/home/root/kumarRobotics/autonomy_ws/src/kr_mav_control/kr_mav_controllers/test/so3_control_nodelet_test.cpp:86: undefined reference to `testing::internal::AssertHelper::AssertHelper(testing::TestPartResult::Type, char const*, int, char const*)'
/home/root/kumarRobotics/autonomy_ws/src/kr_mav_control/kr_mav_controllers/test/so3_control_nodelet_test.cpp:86: undefined reference to `testing::Message::Message()'
/home/root/kumarRobotics/autonomy_ws/src/kr_mav_control/kr_mav_controllers/test/so3_control_nodelet_test.cpp:86: undefined reference to `testing::internal::AssertHelper::operator=(testing::Message const&) const'
/home/root/kumarRobotics/autonomy_ws/src/kr_mav_control/kr_mav_controllers/test/so3_control_nodelet_test.cpp:86: undefined reference to `testing::internal::AssertHelper::~AssertHelper()'
/home/root/kumarRobotics/autonomy_ws/src/kr_mav_control/kr_mav_controllers/test/so3_control_nodelet_test.cpp:87: undefined reference to `testing::internal::AssertHelper::AssertHelper(testing::TestPartResult::Type, char const*, int, char const*)'
/home/root/kumarRobotics/autonomy_ws/src/kr_mav_control/kr_mav_controllers/test/so3_control_nodelet_test.cpp:87: undefined reference to `testing::Message::Message()'
/home/root/kumarRobotics/autonomy_ws/src/kr_mav_control/kr_mav_controllers/test/so3_control_nodelet_test.cpp:87: undefined reference to `testing::internal::AssertHelper::operator=(testing::Message const&) const'
/home/root/kumarRobotics/autonomy_ws/src/kr_mav_control/kr_mav_controllers/test/so3_control_nodelet_test.cpp:87: undefined reference to `testing::internal::AssertHelper::~AssertHelper()'
/home/root/kumarRobotics/autonomy_ws/src/kr_mav_control/kr_mav_controllers/test/so3_control_nodelet_test.cpp:88: undefined reference to `testing::internal::AssertHelper::AssertHelper(testing::TestPartResult::Type, char const*, int, char const*)'
/home/root/kumarRobotics/autonomy_ws/src/kr_mav_control/kr_mav_controllers/test/so3_control_nodelet_test.cpp:88: undefined reference to `testing::Message::Message()'
/home/root/kumarRobotics/autonomy_ws/src/kr_mav_control/kr_mav_controllers/test/so3_control_nodelet_test.cpp:88: undefined reference to `testing::internal::AssertHelper::operator=(testing::Message const&) const'
/home/root/kumarRobotics/autonomy_ws/src/kr_mav_control/kr_mav_controllers/test/so3_control_nodelet_test.cpp:88: undefined reference to `testing::internal::AssertHelper::~AssertHelper()'
/home/root/kumarRobotics/autonomy_ws/src/kr_mav_control/kr_mav_controllers/test/so3_control_nodelet_test.cpp:89: undefined reference to `testing::internal::AssertHelper::AssertHelper(testing::TestPartResult::Type, char const*, int, char const*)'
/home/root/kumarRobotics/autonomy_ws/src/kr_mav_control/kr_mav_controllers/test/so3_control_nodelet_test.cpp:89: undefined reference to `testing::Message::Message()'
/home/root/kumarRobotics/autonomy_ws/src/kr_mav_control/kr_mav_controllers/test/so3_control_nodelet_test.cpp:89: undefined reference to `testing::internal::AssertHelper::operator=(testing::Message const&) const'
/home/root/kumarRobotics/autonomy_ws/src/kr_mav_control/kr_mav_controllers/test/so3_control_nodelet_test.cpp:89: undefined reference to `testing::internal::AssertHelper::~AssertHelper()'
/home/root/kumarRobotics/autonomy_ws/src/kr_mav_control/kr_mav_controllers/test/so3_control_nodelet_test.cpp:90: undefined reference to `testing::internal::AssertHelper::AssertHelper(testing::TestPartResult::Type, char const*, int, char const*)'
/home/root/kumarRobotics/autonomy_ws/src/kr_mav_control/kr_mav_controllers/test/so3_control_nodelet_test.cpp:90: undefined reference to `testing::Message::Message()'
/home/root/kumarRobotics/autonomy_ws/src/kr_mav_control/kr_mav_controllers/test/so3_control_nodelet_test.cpp:90: undefined reference to `testing::internal::AssertHelper::operator=(testing::Message const&) const'
/home/root/kumarRobotics/autonomy_ws/src/kr_mav_control/kr_mav_controllers/test/so3_control_nodelet_test.cpp:90: undefined reference to `testing::internal::AssertHelper::~AssertHelper()'
/home/root/kumarRobotics/autonomy_ws/src/kr_mav_control/kr_mav_controllers/test/so3_control_nodelet_test.cpp:76: undefined reference to `testing::internal::GetBoolAssertionFailureMessage[abi:cxx11](testing::AssertionResult const&, char const*, char const*, char const*)'
/home/root/kumarRobotics/autonomy_ws/src/kr_mav_control/kr_mav_controllers/test/so3_control_nodelet_test.cpp:76: undefined reference to `testing::internal::AssertHelper::AssertHelper(testing::TestPartResult::Type, char const*, int, char const*)'
/home/root/kumarRobotics/autonomy_ws/src/kr_mav_control/kr_mav_controllers/test/so3_control_nodelet_test.cpp:76: undefined reference to `testing::Message::Message()'
/home/root/kumarRobotics/autonomy_ws/src/kr_mav_control/kr_mav_controllers/test/so3_control_nodelet_test.cpp:76: undefined reference to `testing::internal::AssertHelper::operator=(testing::Message const&) const'
/home/root/kumarRobotics/autonomy_ws/src/kr_mav_control/kr_mav_controllers/test/so3_control_nodelet_test.cpp:76: undefined reference to `testing::internal::AssertHelper::~AssertHelper()'
/home/root/kumarRobotics/autonomy_ws/src/kr_mav_control/kr_mav_controllers/test/so3_control_nodelet_test.cpp:78: undefined reference to `testing::internal::AssertHelper::~AssertHelper()'
/home/root/kumarRobotics/autonomy_ws/src/kr_mav_control/kr_mav_controllers/test/so3_control_nodelet_test.cpp:79: undefined reference to `testing::internal::AssertHelper::~AssertHelper()'
/home/root/kumarRobotics/autonomy_ws/src/kr_mav_control/kr_mav_controllers/test/so3_control_nodelet_test.cpp:77: undefined reference to `testing::internal::AssertHelper::~AssertHelper()'
/home/root/kumarRobotics/autonomy_ws/src/kr_mav_control/kr_mav_controllers/test/so3_control_nodelet_test.cpp:86: undefined reference to `testing::internal::AssertHelper::~AssertHelper()'
CMakeFiles/so3_control_nodelet_test.dir/test/so3_control_nodelet_test.cpp.o:/home/root/kumarRobotics/autonomy_ws/src/kr_mav_control/kr_mav_controllers/test/so3_control_nodelet_test.cpp:87: more undefined references to `testing::internal::AssertHelper::~AssertHelper()' follow
CMakeFiles/so3_control_nodelet_test.dir/test/so3_control_nodelet_test.cpp.o: In function `SO3ControlNodeletTest_Test7_Test::~SO3ControlNodeletTest_Test7_Test()':
/home/root/kumarRobotics/autonomy_ws/src/kr_mav_control/kr_mav_controllers/test/so3_control_nodelet_test.cpp:174: undefined reference to `testing::Test::~Test()'
CMakeFiles/so3_control_nodelet_test.dir/test/so3_control_nodelet_test.cpp.o: In function `SO3ControlNodeletTest_Test7_Test::~SO3ControlNodeletTest_Test7_Test()':
/home/root/kumarRobotics/autonomy_ws/src/kr_mav_control/kr_mav_controllers/test/so3_control_nodelet_test.cpp:174: undefined reference to `testing::Test::~Test()'
CMakeFiles/so3_control_nodelet_test.dir/test/so3_control_nodelet_test.cpp.o: In function `SO3ControlNodeletTest_Test6_Test::~SO3ControlNodeletTest_Test6_Test()':
/home/root/kumarRobotics/autonomy_ws/src/kr_mav_control/kr_mav_controllers/test/so3_control_nodelet_test.cpp:136: undefined reference to `testing::Test::~Test()'
CMakeFiles/so3_control_nodelet_test.dir/test/so3_control_nodelet_test.cpp.o: In function `SO3ControlNodeletTest_Test6_Test::~SO3ControlNodeletTest_Test6_Test()':
/home/root/kumarRobotics/autonomy_ws/src/kr_mav_control/kr_mav_controllers/test/so3_control_nodelet_test.cpp:136: undefined reference to `testing::Test::~Test()'
CMakeFiles/so3_control_nodelet_test.dir/test/so3_control_nodelet_test.cpp.o: In function `SO3ControlNodeletTest_Test5_Test::~SO3ControlNodeletTest_Test5_Test()':
/home/root/kumarRobotics/autonomy_ws/src/kr_mav_control/kr_mav_controllers/test/so3_control_nodelet_test.cpp:98: undefined reference to `testing::Test::~Test()'
CMakeFiles/so3_control_nodelet_test.dir/test/so3_control_nodelet_test.cpp.o:/home/root/kumarRobotics/autonomy_ws/src/kr_mav_control/kr_mav_controllers/test/so3_control_nodelet_test.cpp:98: more undefined references to `testing::Test::~Test()' follow
CMakeFiles/so3_control_nodelet_test.dir/test/so3_control_nodelet_test.cpp.o: In function `testing::internal::TestFactoryImpl<SO3ControlNodeletTest_Test1_Test>::CreateTest()':
/home/root/kumarRobotics/autonomy_ws/src/kr_mav_control/kr_mav_controllers/test/so3_control_nodelet_test.cpp:16: undefined reference to `testing::Test::Test()'
CMakeFiles/so3_control_nodelet_test.dir/test/so3_control_nodelet_test.cpp.o: In function `testing::internal::TestFactoryImpl<SO3ControlNodeletTest_Test2_Test>::CreateTest()':
/home/root/kumarRobotics/autonomy_ws/src/kr_mav_control/kr_mav_controllers/test/so3_control_nodelet_test.cpp:31: undefined reference to `testing::Test::Test()'
CMakeFiles/so3_control_nodelet_test.dir/test/so3_control_nodelet_test.cpp.o: In function `testing::internal::TestFactoryImpl<SO3ControlNodeletTest_Test3_Test>::CreateTest()':
/home/root/kumarRobotics/autonomy_ws/src/kr_mav_control/kr_mav_controllers/test/so3_control_nodelet_test.cpp:47: undefined reference to `testing::Test::Test()'
CMakeFiles/so3_control_nodelet_test.dir/test/so3_control_nodelet_test.cpp.o: In function `testing::internal::TestFactoryImpl<SO3ControlNodeletTest_Test4_Test>::CreateTest()':
/home/root/kumarRobotics/autonomy_ws/src/kr_mav_control/kr_mav_controllers/test/so3_control_nodelet_test.cpp:64: undefined reference to `testing::Test::Test()'
CMakeFiles/so3_control_nodelet_test.dir/test/so3_control_nodelet_test.cpp.o: In function `testing::internal::TestFactoryImpl<SO3ControlNodeletTest_Test5_Test>::CreateTest()':
/home/root/kumarRobotics/autonomy_ws/src/kr_mav_control/kr_mav_controllers/test/so3_control_nodelet_test.cpp:98: undefined reference to `testing::Test::Test()'
CMakeFiles/so3_control_nodelet_test.dir/test/so3_control_nodelet_test.cpp.o:/home/root/kumarRobotics/autonomy_ws/src/kr_mav_control/kr_mav_controllers/test/so3_control_nodelet_test.cpp:136: more undefined references to `testing::Test::Test()' follow
CMakeFiles/so3_control_nodelet_test.dir/test/so3_control_nodelet_test.cpp.o: In function `__static_initialization_and_destruction_0(int, int) [clone .constprop.307]':
/home/root/kumarRobotics/autonomy_ws/src/kr_mav_control/kr_mav_controllers/test/so3_control_nodelet_test.cpp:16: undefined reference to `testing::internal::GetTestTypeId()'
/home/root/kumarRobotics/autonomy_ws/src/kr_mav_control/kr_mav_controllers/test/so3_control_nodelet_test.cpp:16: undefined reference to `testing::internal::MakeAndRegisterTestInfo(char const*, char const*, char const*, char const*, testing::internal::CodeLocation, void const*, void (*)(), void (*)(), testing::internal::TestFactoryBase*)'
/home/root/kumarRobotics/autonomy_ws/src/kr_mav_control/kr_mav_controllers/test/so3_control_nodelet_test.cpp:31: undefined reference to `testing::internal::GetTestTypeId()'
/home/root/kumarRobotics/autonomy_ws/src/kr_mav_control/kr_mav_controllers/test/so3_control_nodelet_test.cpp:31: undefined reference to `testing::internal::MakeAndRegisterTestInfo(char const*, char const*, char const*, char const*, testing::internal::CodeLocation, void const*, void (*)(), void (*)(), testing::internal::TestFactoryBase*)'
/home/root/kumarRobotics/autonomy_ws/src/kr_mav_control/kr_mav_controllers/test/so3_control_nodelet_test.cpp:47: undefined reference to `testing::internal::GetTestTypeId()'
/home/root/kumarRobotics/autonomy_ws/src/kr_mav_control/kr_mav_controllers/test/so3_control_nodelet_test.cpp:47: undefined reference to `testing::internal::MakeAndRegisterTestInfo(char const*, char const*, char const*, char const*, testing::internal::CodeLocation, void const*, void (*)(), void (*)(), testing::internal::TestFactoryBase*)'
/home/root/kumarRobotics/autonomy_ws/src/kr_mav_control/kr_mav_controllers/test/so3_control_nodelet_test.cpp:64: undefined reference to `testing::internal::GetTestTypeId()'
/home/root/kumarRobotics/autonomy_ws/src/kr_mav_control/kr_mav_controllers/test/so3_control_nodelet_test.cpp:64: undefined reference to `testing::internal::MakeAndRegisterTestInfo(char const*, char const*, char const*, char const*, testing::internal::CodeLocation, void const*, void (*)(), void (*)(), testing::internal::TestFactoryBase*)'
/home/root/kumarRobotics/autonomy_ws/src/kr_mav_control/kr_mav_controllers/test/so3_control_nodelet_test.cpp:98: undefined reference to `testing::internal::GetTestTypeId()'
/home/root/kumarRobotics/autonomy_ws/src/kr_mav_control/kr_mav_controllers/test/so3_control_nodelet_test.cpp:98: undefined reference to `testing::internal::MakeAndRegisterTestInfo(char const*, char const*, char const*, char const*, testing::internal::CodeLocation, void const*, void (*)(), void (*)(), testing::internal::TestFactoryBase*)'
/home/root/kumarRobotics/autonomy_ws/src/kr_mav_control/kr_mav_controllers/test/so3_control_nodelet_test.cpp:136: undefined reference to `testing::internal::GetTestTypeId()'
/home/root/kumarRobotics/autonomy_ws/src/kr_mav_control/kr_mav_controllers/test/so3_control_nodelet_test.cpp:136: undefined reference to `testing::internal::MakeAndRegisterTestInfo(char const*, char const*, char const*, char const*, testing::internal::CodeLocation, void const*, void (*)(), void (*)(), testing::internal::TestFactoryBase*)'
/home/root/kumarRobotics/autonomy_ws/src/kr_mav_control/kr_mav_controllers/test/so3_control_nodelet_test.cpp:174: undefined reference to `testing::internal::GetTestTypeId()'
/home/root/kumarRobotics/autonomy_ws/src/kr_mav_control/kr_mav_controllers/test/so3_control_nodelet_test.cpp:174: undefined reference to `testing::internal::MakeAndRegisterTestInfo(char const*, char const*, char const*, char const*, testing::internal::CodeLocation, void const*, void (*)(), void (*)(), testing::internal::TestFactoryBase*)'
CMakeFiles/so3_control_nodelet_test.dir/test/so3_control_nodelet_test.cpp.o: In function `main':
/home/root/kumarRobotics/autonomy_ws/src/kr_mav_control/kr_mav_controllers/test/so3_control_nodelet_test.cpp:216: undefined reference to `testing::InitGoogleTest(int*, char**)'
CMakeFiles/so3_control_nodelet_test.dir/test/so3_control_nodelet_test.cpp.o: In function `RUN_ALL_TESTS()':
/usr/include/gtest/gtest.h:2233: undefined reference to `testing::UnitTest::GetInstance()'
/usr/include/gtest/gtest.h:2233: undefined reference to `testing::UnitTest::Run()'
CMakeFiles/so3_control_nodelet_test.dir/test/so3_control_nodelet_test.cpp.o: In function `testing::AssertionResult testing::internal::CmpHelperEQFailure<double, float>(char const*, char const*, double const&, float const&)':
/usr/include/gtest/gtest.h:1382: undefined reference to `testing::internal::EqFailure(char const*, char const*, std::__cxx11::basic_string<char, std::char_traits<char>, std::allocator<char> > const&, std::__cxx11::basic_string<char, std::char_traits<char>, std::allocator<char> > const&, bool)'
CMakeFiles/so3_control_nodelet_test.dir/test/so3_control_nodelet_test.cpp.o: In function `testing::AssertionResult testing::internal::CmpHelperEQ<double, float>(char const*, char const*, double const&, float const&)':
/usr/include/gtest/gtest.h:1393: undefined reference to `testing::AssertionSuccess()'
CMakeFiles/so3_control_nodelet_test.dir/test/so3_control_nodelet_test.cpp.o:(.data.rel.ro._ZTI32SO3ControlNodeletTest_Test1_Test[_ZTI32SO3ControlNodeletTest_Test1_Test]+0x10): undefined reference to `typeinfo for testing::Test'
CMakeFiles/so3_control_nodelet_test.dir/test/so3_control_nodelet_test.cpp.o:(.data.rel.ro._ZTI32SO3ControlNodeletTest_Test2_Test[_ZTI32SO3ControlNodeletTest_Test2_Test]+0x10): undefined reference to `typeinfo for testing::Test'
CMakeFiles/so3_control_nodelet_test.dir/test/so3_control_nodelet_test.cpp.o:(.data.rel.ro._ZTI32SO3ControlNodeletTest_Test3_Test[_ZTI32SO3ControlNodeletTest_Test3_Test]+0x10): undefined reference to `typeinfo for testing::Test'
CMakeFiles/so3_control_nodelet_test.dir/test/so3_control_nodelet_test.cpp.o:(.data.rel.ro._ZTI32SO3ControlNodeletTest_Test4_Test[_ZTI32SO3ControlNodeletTest_Test4_Test]+0x10): undefined reference to `typeinfo for testing::Test'
CMakeFiles/so3_control_nodelet_test.dir/test/so3_control_nodelet_test.cpp.o:(.data.rel.ro._ZTI32SO3ControlNodeletTest_Test5_Test[_ZTI32SO3ControlNodeletTest_Test5_Test]+0x10): undefined reference to `typeinfo for testing::Test'
CMakeFiles/so3_control_nodelet_test.dir/test/so3_control_nodelet_test.cpp.o:(.data.rel.ro._ZTI32SO3ControlNodeletTest_Test6_Test[_ZTI32SO3ControlNodeletTest_Test6_Test]+0x10): more undefined references to `typeinfo for testing::Test' follow
CMakeFiles/so3_control_nodelet_test.dir/test/so3_control_nodelet_test.cpp.o:(.data.rel.ro._ZTV32SO3ControlNodeletTest_Test1_Test[_ZTV32SO3ControlNodeletTest_Test1_Test]+0x20): undefined reference to `testing::Test::SetUp()'
CMakeFiles/so3_control_nodelet_test.dir/test/so3_control_nodelet_test.cpp.o:(.data.rel.ro._ZTV32SO3ControlNodeletTest_Test1_Test[_ZTV32SO3ControlNodeletTest_Test1_Test]+0x28): undefined reference to `testing::Test::TearDown()'
CMakeFiles/so3_control_nodelet_test.dir/test/so3_control_nodelet_test.cpp.o:(.data.rel.ro._ZTV32SO3ControlNodeletTest_Test2_Test[_ZTV32SO3ControlNodeletTest_Test2_Test]+0x20): undefined reference to `testing::Test::SetUp()'
CMakeFiles/so3_control_nodelet_test.dir/test/so3_control_nodelet_test.cpp.o:(.data.rel.ro._ZTV32SO3ControlNodeletTest_Test2_Test[_ZTV32SO3ControlNodeletTest_Test2_Test]+0x28): undefined reference to `testing::Test::TearDown()'
CMakeFiles/so3_control_nodelet_test.dir/test/so3_control_nodelet_test.cpp.o:(.data.rel.ro._ZTV32SO3ControlNodeletTest_Test3_Test[_ZTV32SO3ControlNodeletTest_Test3_Test]+0x20): undefined reference to `testing::Test::SetUp()'
CMakeFiles/so3_control_nodelet_test.dir/test/so3_control_nodelet_test.cpp.o:(.data.rel.ro._ZTV32SO3ControlNodeletTest_Test3_Test[_ZTV32SO3ControlNodeletTest_Test3_Test]+0x28): undefined reference to `testing::Test::TearDown()'
CMakeFiles/so3_control_nodelet_test.dir/test/so3_control_nodelet_test.cpp.o:(.data.rel.ro._ZTV32SO3ControlNodeletTest_Test4_Test[_ZTV32SO3ControlNodeletTest_Test4_Test]+0x20): undefined reference to `testing::Test::SetUp()'
CMakeFiles/so3_control_nodelet_test.dir/test/so3_control_nodelet_test.cpp.o:(.data.rel.ro._ZTV32SO3ControlNodeletTest_Test4_Test[_ZTV32SO3ControlNodeletTest_Test4_Test]+0x28): undefined reference to `testing::Test::TearDown()'
CMakeFiles/so3_control_nodelet_test.dir/test/so3_control_nodelet_test.cpp.o:(.data.rel.ro._ZTV32SO3ControlNodeletTest_Test5_Test[_ZTV32SO3ControlNodeletTest_Test5_Test]+0x20): undefined reference to `testing::Test::SetUp()'
CMakeFiles/so3_control_nodelet_test.dir/test/so3_control_nodelet_test.cpp.o:(.data.rel.ro._ZTV32SO3ControlNodeletTest_Test5_Test[_ZTV32SO3ControlNodeletTest_Test5_Test]+0x28): undefined reference to `testing::Test::TearDown()'
CMakeFiles/so3_control_nodelet_test.dir/test/so3_control_nodelet_test.cpp.o:(.data.rel.ro._ZTV32SO3ControlNodeletTest_Test6_Test[_ZTV32SO3ControlNodeletTest_Test6_Test]+0x20): undefined reference to `testing::Test::SetUp()'
CMakeFiles/so3_control_nodelet_test.dir/test/so3_control_nodelet_test.cpp.o:(.data.rel.ro._ZTV32SO3ControlNodeletTest_Test6_Test[_ZTV32SO3ControlNodeletTest_Test6_Test]+0x28): undefined reference to `testing::Test::TearDown()'
CMakeFiles/so3_control_nodelet_test.dir/test/so3_control_nodelet_test.cpp.o:(.data.rel.ro._ZTV32SO3ControlNodeletTest_Test7_Test[_ZTV32SO3ControlNodeletTest_Test7_Test]+0x20): undefined reference to `testing::Test::SetUp()'
CMakeFiles/so3_control_nodelet_test.dir/test/so3_control_nodelet_test.cpp.o:(.data.rel.ro._ZTV32SO3ControlNodeletTest_Test7_Test[_ZTV32SO3ControlNodeletTest_Test7_Test]+0x28): undefined reference to `testing::Test::TearDown()'
collect2: error: ld returned 1 exit status
make[2]: *** [/home/root/kumarRobotics/autonomy_ws/devel/.private/kr_mav_controllers/lib/kr_mav_controllers/so3_control_nodelet_test] Error 1
make[1]: *** [CMakeFiles/so3_control_nodelet_test.dir/all] Error 2
make[1]: *** Waiting for unfinished jobs....
make: *** [all] Error 2
