[01m[K/home/root/kumarRobotics/autonomy_ws/src/kr_mav_control/kr_mav_controllers/test/so3_control_nodelet_test.cpp:1:10:[m[K [01;31m[Kfatal error: [m[Kgtest/gtest.h: No such file or directory
 #include [01;31m[K<gtest/gtest.h>[m[K
          [01;31m[K^~~~~~~~~~~~~~~[m[K
compilation terminated.
make[2]: *** [CMakeFiles/so3_control_nodelet_test.dir/test/so3_control_nodelet_test.cpp.o] Error 1
make[1]: *** [CMakeFiles/so3_control_nodelet_test.dir/all] Error 2
make: *** [all] Error 2
