[  0%] Built target roscpp_generate_messages_cpp
[  0%] Built target rosgraph_msgs_generate_messages_nodejs
[  0%] Built target std_msgs_generate_messages_eus
[  0%] Built target rosgraph_msgs_generate_messages_py
[  0%] Built target rosgraph_msgs_generate_messages_lisp
[  0%] Built target roscpp_generate_messages_py
[  0%] Built target rosgraph_msgs_generate_messages_eus
[  0%] Built target std_msgs_generate_messages_py
[  0%] Built target decomp_ros_msgs_generate_messages_py
[  0%] Built target geometry_msgs_generate_messages_eus
[  0%] Built target roscpp_generate_messages_nodejs
[  0%] Built target roscpp_generate_messages_eus
[  0%] Built target roscpp_generate_messages_lisp
[  0%] Built target std_msgs_generate_messages_cpp
[  0%] Built target geometry_msgs_generate_messages_nodejs
[  0%] Built target std_msgs_generate_messages_lisp
[  0%] Built target decomp_ros_msgs_generate_messages_lisp
[  0%] Built target std_msgs_generate_messages_nodejs
[  0%] Built target rosgraph_msgs_generate_messages_cpp
[  0%] Built target decomp_ros_msgs_generate_messages_cpp
[  0%] Built target decomp_ros_msgs_generate_messages_eus
[  0%] Built target decomp_ros_msgs_generate_messages_nodejs
[  0%] Built target geometry_msgs_generate_messages_lisp
[  0%] Built target geometry_msgs_generate_messages_cpp
[  0%] Built target geometry_msgs_generate_messages_py
[  8%] [34m[1mAutomatic MOC for target decomp_ros_utils[0m
[ 16%] [34m[1mAutomatic MOC for target decomp_rviz_plugins[0m
[ 16%] Built target decomp_ros_utils_autogen
[ 16%] Built target decomp_rviz_plugins_autogen
[ 33%] Built target decomp_ros_utils
[ 50%] [32mBuilding CXX object CMakeFiles/decomp_rviz_plugins.dir/src/vector_visual.cpp.o[0m
[ 50%] [32mBuilding CXX object CMakeFiles/decomp_rviz_plugins.dir/src/mesh_visual.cpp.o[0m
[ 58%] [32mBuilding CXX object CMakeFiles/decomp_rviz_plugins.dir/src/ellipsoid_array_display.cpp.o[0m
[ 66%] [32mBuilding CXX object CMakeFiles/decomp_rviz_plugins.dir/src/ellipsoid_array_visual.cpp.o[0m
[ 75%] [32mBuilding CXX object CMakeFiles/decomp_rviz_plugins.dir/src/bound_visual.cpp.o[0m
[ 83%] [32mBuilding CXX object CMakeFiles/decomp_rviz_plugins.dir/src/polyhedron_array_display.cpp.o[0m
[ 91%] [32mBuilding CXX object CMakeFiles/decomp_rviz_plugins.dir/decomp_rviz_plugins_autogen/mocs_compilation.cpp.o[0m
In file included from [01m[K/home/root/kumarRobotics/autonomy_ws/src/exploration/third_party/DecompROS/decomp_ros_utils/src/polyhedron_array_display.cpp:1:0[m[K:
[01m[K/home/root/kumarRobotics/autonomy_ws/src/exploration/third_party/DecompROS/decomp_ros_utils/src/polyhedron_array_display.h:2:10:[m[K [01;31m[Kfatal error: [m[Krviz/message_filter_display.h: No such file or directory
 #include [01;31m[K<rviz/message_filter_display.h>[m[K
          [01;31m[K^~~~~~~~~~~~~~~~~~~~~~~~~~~~~~~[m[K
compilation terminated.
CMakeFiles/decomp_rviz_plugins.dir/build.make:182: recipe for target 'CMakeFiles/decomp_rviz_plugins.dir/src/polyhedron_array_display.cpp.o' failed
make[2]: *** [CMakeFiles/decomp_rviz_plugins.dir/src/polyhedron_array_display.cpp.o] Error 1
make[2]: *** Waiting for unfinished jobs....
In file included from [01m[K/home/root/kumarRobotics/autonomy_ws/src/exploration/third_party/DecompROS/decomp_ros_utils/src/vector_visual.cpp:1:0[m[K:
[01m[K/home/root/kumarRobotics/autonomy_ws/src/exploration/third_party/DecompROS/decomp_ros_utils/src/vector_visual.h:8:10:[m[K [01;31m[Kfatal error: [m[Krviz/ogre_helpers/arrow.h: No such file or directory
 #include [01;31m[K<rviz/ogre_helpers/arrow.h>[m[K
          [01;31m[K^~~~~~~~~~~~~~~~~~~~~~~~~~~[m[K
compilation terminated.
In file included from [01m[K/home/root/kumarRobotics/autonomy_ws/src/exploration/third_party/DecompROS/decomp_ros_utils/src/bound_visual.cpp:1:0[m[K:
[01m[K/home/root/kumarRobotics/autonomy_ws/src/exploration/third_party/DecompROS/decomp_ros_utils/src/bound_visual.h:10:10:[m[K [01;31m[Kfatal error: [m[Krviz/ogre_helpers/billboard_line.h: No such file or directory
 #include [01;31m[K<rviz/ogre_helpers/billboard_line.h>[m[K
          [01;31m[K^~~~~~~~~~~~~~~~~~~~~~~~~~~~~~~~~~~~[m[K
compilation terminated.
CMakeFiles/decomp_rviz_plugins.dir/build.make:110: recipe for target 'CMakeFiles/decomp_rviz_plugins.dir/src/vector_visual.cpp.o' failed
make[2]: *** [CMakeFiles/decomp_rviz_plugins.dir/src/vector_visual.cpp.o] Error 1
CMakeFiles/decomp_rviz_plugins.dir/build.make:62: recipe for target 'CMakeFiles/decomp_rviz_plugins.dir/src/bound_visual.cpp.o' failed
make[2]: *** [CMakeFiles/decomp_rviz_plugins.dir/src/bound_visual.cpp.o] Error 1
In file included from [01m[K/home/root/kumarRobotics/autonomy_ws/build/decomp_ros_utils/decomp_rviz_plugins_autogen/UVLADIE3JM/moc_ellipsoid_array_display.cpp:9:0[m[K,
                 from [01m[K/home/root/kumarRobotics/autonomy_ws/build/decomp_ros_utils/decomp_rviz_plugins_autogen/mocs_compilation.cpp:2[m[K:
[01m[K/home/root/kumarRobotics/autonomy_ws/build/decomp_ros_utils/decomp_rviz_plugins_autogen/UVLADIE3JM/../../../../src/exploration/third_party/DecompROS/decomp_ros_utils/src/ellipsoid_array_display.h:3:10:[m[K [01;31m[Kfatal error: [m[Krviz/visualization_manager.h: No such file or directory
 #include [01;31m[K<rviz/visualization_manager.h>[m[K
          [01;31m[K^~~~~~~~~~~~~~~~~~~~~~~~~~~~~~[m[K
compilation terminated.
CMakeFiles/decomp_rviz_plugins.dir/build.make:206: recipe for target 'CMakeFiles/decomp_rviz_plugins.dir/decomp_rviz_plugins_autogen/mocs_compilation.cpp.o' failed
make[2]: *** [CMakeFiles/decomp_rviz_plugins.dir/decomp_rviz_plugins_autogen/mocs_compilation.cpp.o] Error 1
In file included from [01m[K/home/root/kumarRobotics/autonomy_ws/src/exploration/third_party/DecompROS/decomp_ros_utils/src/mesh_visual.cpp:1:0[m[K:
[01m[K/home/root/kumarRobotics/autonomy_ws/src/exploration/third_party/DecompROS/decomp_ros_utils/src/mesh_visual.h:11:10:[m[K [01;31m[Kfatal error: [m[Krviz/ogre_helpers/mesh_shape.h: No such file or directory
 #include [01;31m[K<rviz/ogre_helpers/mesh_shape.h>[m[K
          [01;31m[K^~~~~~~~~~~~~~~~~~~~~~~~~~~~~~~~[m[K
compilation terminated.
CMakeFiles/decomp_rviz_plugins.dir/build.make:86: recipe for target 'CMakeFiles/decomp_rviz_plugins.dir/src/mesh_visual.cpp.o' failed
make[2]: *** [CMakeFiles/decomp_rviz_plugins.dir/src/mesh_visual.cpp.o] Error 1
In file included from [01m[K/home/root/kumarRobotics/autonomy_ws/src/exploration/third_party/DecompROS/decomp_ros_utils/src/ellipsoid_array_visual.cpp:1:0[m[K:
[01m[K/home/root/kumarRobotics/autonomy_ws/src/exploration/third_party/DecompROS/decomp_ros_utils/src/ellipsoid_array_visual.h:12:10:[m[K [01;31m[Kfatal error: [m[Krviz/ogre_helpers/shape.h: No such file or directory
 #include [01;31m[K<rviz/ogre_helpers/shape.h>[m[K
          [01;31m[K^~~~~~~~~~~~~~~~~~~~~~~~~~~[m[K
compilation terminated.
CMakeFiles/decomp_rviz_plugins.dir/build.make:134: recipe for target 'CMakeFiles/decomp_rviz_plugins.dir/src/ellipsoid_array_visual.cpp.o' failed
make[2]: *** [CMakeFiles/decomp_rviz_plugins.dir/src/ellipsoid_array_visual.cpp.o] Error 1
In file included from [01m[K/home/root/kumarRobotics/autonomy_ws/src/exploration/third_party/DecompROS/decomp_ros_utils/src/ellipsoid_array_display.cpp:2:0[m[K:
[01m[K/home/root/kumarRobotics/autonomy_ws/src/exploration/third_party/DecompROS/decomp_ros_utils/src/ellipsoid_array_display.h:3:10:[m[K [01;31m[Kfatal error: [m[Krviz/visualization_manager.h: No such file or directory
 #include [01;31m[K<rviz/visualization_manager.h>[m[K
          [01;31m[K^~~~~~~~~~~~~~~~~~~~~~~~~~~~~~[m[K
compilation terminated.
CMakeFiles/decomp_rviz_plugins.dir/build.make:158: recipe for target 'CMakeFiles/decomp_rviz_plugins.dir/src/ellipsoid_array_display.cpp.o' failed
CMakeFiles/Makefile2:476: recipe for target 'CMakeFiles/decomp_rviz_plugins.dir/all' failed
make[2]: *** [CMakeFiles/decomp_rviz_plugins.dir/src/ellipsoid_array_display.cpp.o] Error 1
make[1]: *** [CMakeFiles/decomp_rviz_plugins.dir/all] Error 2
Makefile:140: recipe for target 'all' failed
make: *** [all] Error 2
