[35m[1mScanning dependencies of target so3cmd_to_mavros_nodelet[0m
[ 50%] [32mBuilding CXX object CMakeFiles/so3cmd_to_mavros_nodelet.dir/src/so3cmd_to_mavros_nodelet.cpp.o[0m
[01m[K/home/root/kumarRobotics/autonomy_ws/src/kr_falcon250_interface/mavros_interface/src/so3cmd_to_mavros_nodelet.cpp:[m[K In function '[01m[Kstd::pair<double, double> solve_quadratic(double, double, double)[m[K':
[01m[K/home/root/kumarRobotics/autonomy_ws/src/kr_falcon250_interface/mavros_interface/src/so3cmd_to_mavros_nodelet.cpp:96:10:[m[K [01;31m[Kerror: [m[Kredeclaration of '[01m[Kdouble term2_test[m[K'
   double [01;31m[Kterm2_test[m[K = 4*a*c ;
          [01;31m[K^~~~~~~~~~[m[K
[01m[K/home/root/kumarRobotics/autonomy_ws/src/kr_falcon250_interface/mavros_interface/src/so3cmd_to_mavros_nodelet.cpp:94:10:[m[K [01;36m[Knote: [m[K'[01m[Kdouble term2_test[m[K' previously declared here
   double [01;36m[Kterm2_test[m[K = b * b ;
          [01;36m[K^~~~~~~~~~[m[K
CMakeFiles/so3cmd_to_mavros_nodelet.dir/build.make:62: recipe for target 'CMakeFiles/so3cmd_to_mavros_nodelet.dir/src/so3cmd_to_mavros_nodelet.cpp.o' failed
make[2]: *** [CMakeFiles/so3cmd_to_mavros_nodelet.dir/src/so3cmd_to_mavros_nodelet.cpp.o] Error 1
CMakeFiles/Makefile2:419: recipe for target 'CMakeFiles/so3cmd_to_mavros_nodelet.dir/all' failed
make[1]: *** [CMakeFiles/so3cmd_to_mavros_nodelet.dir/all] Error 2
Makefile:140: recipe for target 'all' failed
make: *** [all] Error 2
