In file included from [01m[K/home/root/kumarRobotics/autonomy_ws/src/exploration/planner/exploration_manager/src/bg_exploration_fsm.cpp:6:0[m[K:
[01m[K/home/root/kumarRobotics/autonomy_ws/src/exploration/planner/exploration_manager/include/exploration_manager/expl_data.h:7:10:[m[K [01;31m[Kfatal error: [m[Kkr_tracker_msgs/PolyTrackerAction.h: No such file or directory
 #include [01;31m[K"kr_tracker_msgs/PolyTrackerAction.h"[m[K
          [01;31m[K^~~~~~~~~~~~~~~~~~~~~~~~~~~~~~~~~~~~~[m[K
compilation terminated.
make[2]: *** [CMakeFiles/exploration_fsm.dir/src/bg_exploration_fsm.cpp.o] Error 1
make[2]: *** Waiting for unfinished jobs....
In file included from [01m[K/home/root/kumarRobotics/autonomy_ws/src/exploration/planner/exploration_manager/src/bg_exploration_manager.cpp:14:0[m[K:
[01m[K/home/root/kumarRobotics/autonomy_ws/src/exploration/planner/exploration_manager/include/exploration_manager/expl_data.h:7:10:[m[K [01;31m[Kfatal error: [m[Kkr_tracker_msgs/PolyTrackerAction.h: No such file or directory
 #include [01;31m[K"kr_tracker_msgs/PolyTrackerAction.h"[m[K
          [01;31m[K^~~~~~~~~~~~~~~~~~~~~~~~~~~~~~~~~~~~~[m[K
compilation terminated.
make[2]: *** [CMakeFiles/exploration_fsm.dir/src/bg_exploration_manager.cpp.o] Error 1
make[1]: *** [CMakeFiles/exploration_fsm.dir/all] Error 2
make[1]: *** Waiting for unfinished jobs....
In file included from [01m[K/home/root/kumarRobotics/autonomy_ws/src/exploration/planner/exploration_manager/src/bg_exploration_manager.cpp:14:0[m[K:
[01m[K/home/root/kumarRobotics/autonomy_ws/src/exploration/planner/exploration_manager/include/exploration_manager/expl_data.h:7:10:[m[K [01;31m[Kfatal error: [m[Kkr_tracker_msgs/PolyTrackerAction.h: No such file or directory
 #include [01;31m[K"kr_tracker_msgs/PolyTrackerAction.h"[m[K
          [01;31m[K^~~~~~~~~~~~~~~~~~~~~~~~~~~~~~~~~~~~~[m[K
compilation terminated.
make[2]: *** [CMakeFiles/exploration_manager.dir/src/bg_exploration_manager.cpp.o] Error 1
make[1]: *** [CMakeFiles/exploration_manager.dir/all] Error 2
make: *** [all] Error 2
