[01m[K/home/root/kumarRobotics/autonomy_ws/src/kr_mav_control/kr_mav_controllers/src/SO3Control.cpp:64:46:[m[K [01;31m[Kerror: [m[Kmacro "ROS_WARN_STREAM_THROTTLE" requires 2 arguments, but only 1 given
   ROS_WARN_STREAM_THROTTLE("e_pos: " << e_pos[01;31m[K)[m[K;
                                              [01;31m[K^[m[K
[01m[K/home/root/kumarRobotics/autonomy_ws/src/kr_mav_control/kr_mav_controllers/src/SO3Control.cpp:65:50:[m[K [01;31m[Kerror: [m[Kmacro "ROS_WARN_STREAM_THROTTLE" requires 2 arguments, but only 1 given
   ROS_WARN_STREAM_THROTTLE("des_pos: " << des_pos[01;31m[K)[m[K;
                                                  [01;31m[K^[m[K
[01m[K/home/root/kumarRobotics/autonomy_ws/src/kr_mav_control/kr_mav_controllers/src/SO3Control.cpp:66:44:[m[K [01;31m[Kerror: [m[Kmacro "ROS_WARN_STREAM_THROTTLE" requires 2 arguments, but only 1 given
   ROS_WARN_STREAM_THROTTLE("pos_: " << pos_[01;31m[K)[m[K;
                                            [01;31m[K^[m[K
[01m[K/home/root/kumarRobotics/autonomy_ws/src/kr_mav_control/kr_mav_controllers/src/SO3Control.cpp:[m[K In member function '[01m[Kvoid SO3Control::calculateControl(const Vector3f&, const Vector3f&, const Vector3f&, const Vector3f&, float, float, const Vector3f&, const Vector3f&, const Vector3f&, const Vector3f&)[m[K':
[01m[K/home/root/kumarRobotics/autonomy_ws/src/kr_mav_control/kr_mav_controllers/src/SO3Control.cpp:64:3:[m[K [01;31m[Kerror: [m[K'[01m[KROS_WARN_STREAM_THROTTLE[m[K' was not declared in this scope
   [01;31m[KROS_WARN_STREAM_THROTTLE[m[K("e_pos: " << e_pos);
   [01;31m[K^~~~~~~~~~~~~~~~~~~~~~~~[m[K
make[2]: *** [CMakeFiles/kr_mav_so3_control.dir/src/SO3Control.cpp.o] Error 1
make[2]: *** Waiting for unfinished jobs....
make[1]: *** [CMakeFiles/kr_mav_so3_control.dir/all] Error 2
make: *** [all] Error 2
